{"/home/travis/build/npmtest/node-npmtest-bittorrent-dht/test.js":{"path":"/home/travis/build/npmtest/node-npmtest-bittorrent-dht/test.js","s":{"1":2,"2":2,"3":2,"4":2,"5":2,"6":2,"7":2,"8":1,"9":2,"10":2,"11":1,"12":1,"13":1,"14":1,"15":2,"16":2,"17":2,"18":2,"19":1,"20":1,"21":2,"22":2,"23":2,"24":1,"25":1,"26":1,"27":1,"28":1,"29":1,"30":1,"31":1,"32":1,"33":1,"34":1,"35":1,"36":1,"37":1,"38":1,"39":2,"40":2,"41":1,"42":2,"43":2,"44":1,"45":2,"46":2,"47":1,"48":2,"49":2,"50":1,"51":1,"52":1,"53":1,"54":1},"b":{"1":[2,1,1,1],"2":[1,1,1,1],"3":[1,1],"4":[1,1],"5":[1,1],"6":[1,1],"7":[1,1],"8":[1,1],"9":[1,1],"10":[1,1,1],"11":[1,1],"12":[1,1],"13":[1,1],"14":[1,1],"15":[1,1],"16":[1,1],"17":[1,1]},"f":{"1":2,"2":2,"3":2,"4":2,"5":2,"6":1,"7":1,"8":1,"9":2,"10":2,"11":2,"12":2,"13":1},"fnMap":{"1":{"name":"(anonymous_1)","line":12,"loc":{"start":{"line":12,"column":1},"end":{"line":12,"column":13}}},"2":{"name":"(anonymous_2)","line":19,"loc":{"start":{"line":19,"column":5},"end":{"line":19,"column":17}}},"3":{"name":"(anonymous_3)","line":23,"loc":{"start":{"line":23,"column":24},"end":{"line":23,"column":36}}},"4":{"name":"(anonymous_4)","line":61,"loc":{"start":{"line":61,"column":5},"end":{"line":61,"column":17}}},"5":{"name":"(anonymous_5)","line":82,"loc":{"start":{"line":82,"column":5},"end":{"line":82,"column":17}}},"6":{"name":"(anonymous_6)","line":91,"loc":{"start":{"line":91,"column":77},"end":{"line":94,"column":10}}},"7":{"name":"(anonymous_7)","line":112,"loc":{"start":{"line":112,"column":83},"end":{"line":115,"column":10}},"skip":true},"8":{"name":"(anonymous_8)","line":123,"loc":{"start":{"line":123,"column":77},"end":{"line":126,"column":10}},"skip":true},"9":{"name":"(anonymous_9)","line":139,"loc":{"start":{"line":139,"column":12},"end":{"line":139,"column":40}},"skip":true},"10":{"name":"(anonymous_10)","line":147,"loc":{"start":{"line":147,"column":77},"end":{"line":150,"column":10}},"skip":true},"11":{"name":"(anonymous_11)","line":158,"loc":{"start":{"line":158,"column":83},"end":{"line":161,"column":10}},"skip":true},"12":{"name":"(anonymous_12)","line":169,"loc":{"start":{"line":169,"column":79},"end":{"line":172,"column":10}},"skip":true},"13":{"name":"(anonymous_13)","line":180,"loc":{"start":{"line":180,"column":75},"end":{"line":183,"column":10}},"skip":true}},"statementMap":{"1":{"start":{"line":12,"column":0},"end":{"line":195,"column":5}},"2":{"start":{"line":14,"column":4},"end":{"line":14,"column":14}},"3":{"start":{"line":19,"column":4},"end":{"line":56,"column":9}},"4":{"start":{"line":21,"column":8},"end":{"line":21,"column":19}},"5":{"start":{"line":23,"column":8},"end":{"line":35,"column":13}},"6":{"start":{"line":24,"column":12},"end":{"line":34,"column":13}},"7":{"start":{"line":25,"column":16},"end":{"line":28,"column":30}},"8":{"start":{"line":30,"column":16},"end":{"line":33,"column":27}},"9":{"start":{"line":37,"column":8},"end":{"line":39,"column":21}},"10":{"start":{"line":40,"column":8},"end":{"line":53,"column":9}},"11":{"start":{"line":43,"column":12},"end":{"line":46,"column":14}},"12":{"start":{"line":47,"column":12},"end":{"line":47,"column":18}},"13":{"start":{"line":50,"column":12},"end":{"line":51,"column":46}},"14":{"start":{"line":52,"column":12},"end":{"line":52,"column":18}},"15":{"start":{"line":55,"column":8},"end":{"line":55,"column":35}},"16":{"start":{"line":61,"column":4},"end":{"line":63,"column":9}},"17":{"start":{"line":62,"column":8},"end":{"line":62,"column":15}},"18":{"start":{"line":64,"column":4},"end":{"line":77,"column":5}},"19":{"start":{"line":70,"column":8},"end":{"line":70,"column":14}},"20":{"start":{"line":76,"column":8},"end":{"line":76,"column":14}},"21":{"start":{"line":82,"column":4},"end":{"line":84,"column":9}},"22":{"start":{"line":83,"column":8},"end":{"line":83,"column":15}},"23":{"start":{"line":85,"column":4},"end":{"line":194,"column":5}},"24":{"start":{"line":91,"column":8},"end":{"line":99,"column":10}},"25":{"start":{"line":98,"column":12},"end":{"line":98,"column":35}},"26":{"start":{"line":102,"column":8},"end":{"line":104,"column":63}},"27":{"start":{"line":105,"column":8},"end":{"line":105,"column":14}},"28":{"start":{"line":112,"column":8},"end":{"line":121,"column":10},"skip":true},"29":{"start":{"line":119,"column":12},"end":{"line":119,"column":55},"skip":true},"30":{"start":{"line":120,"column":12},"end":{"line":120,"column":48},"skip":true},"31":{"start":{"line":123,"column":8},"end":{"line":136,"column":10},"skip":true},"32":{"start":{"line":130,"column":12},"end":{"line":130,"column":76},"skip":true},"33":{"start":{"line":131,"column":12},"end":{"line":131,"column":73},"skip":true},"34":{"start":{"line":132,"column":12},"end":{"line":132,"column":74},"skip":true},"35":{"start":{"line":133,"column":12},"end":{"line":133,"column":79},"skip":true},"36":{"start":{"line":134,"column":12},"end":{"line":134,"column":25},"skip":true},"37":{"start":{"line":135,"column":12},"end":{"line":135,"column":45},"skip":true},"38":{"start":{"line":138,"column":8},"end":{"line":145,"column":14},"skip":true},"39":{"start":{"line":143,"column":16},"end":{"line":143,"column":29},"skip":true},"40":{"start":{"line":144,"column":16},"end":{"line":144,"column":55},"skip":true},"41":{"start":{"line":147,"column":8},"end":{"line":156,"column":10},"skip":true},"42":{"start":{"line":154,"column":12},"end":{"line":154,"column":25},"skip":true},"43":{"start":{"line":155,"column":12},"end":{"line":155,"column":45},"skip":true},"44":{"start":{"line":158,"column":8},"end":{"line":167,"column":10},"skip":true},"45":{"start":{"line":165,"column":12},"end":{"line":165,"column":25},"skip":true},"46":{"start":{"line":166,"column":12},"end":{"line":166,"column":48},"skip":true},"47":{"start":{"line":169,"column":8},"end":{"line":178,"column":10},"skip":true},"48":{"start":{"line":176,"column":12},"end":{"line":176,"column":25},"skip":true},"49":{"start":{"line":177,"column":12},"end":{"line":177,"column":46},"skip":true},"50":{"start":{"line":180,"column":8},"end":{"line":189,"column":10},"skip":true},"51":{"start":{"line":187,"column":12},"end":{"line":187,"column":94},"skip":true},"52":{"start":{"line":188,"column":12},"end":{"line":188,"column":48},"skip":true},"53":{"start":{"line":192,"column":8},"end":{"line":192,"column":35},"skip":true},"54":{"start":{"line":193,"column":8},"end":{"line":193,"column":14},"skip":true}},"branchMap":{"1":{"line":25,"type":"binary-expr","locations":[{"start":{"line":25,"column":23},"end":{"line":25,"column":62}},{"start":{"line":26,"column":20},"end":{"line":26,"column":70}},{"start":{"line":27,"column":20},"end":{"line":27,"column":71}},{"start":{"line":28,"column":20},"end":{"line":28,"column":29}}]},"2":{"line":30,"type":"binary-expr","locations":[{"start":{"line":30,"column":23},"end":{"line":30,"column":37}},{"start":{"line":31,"column":20},"end":{"line":31,"column":61}},{"start":{"line":32,"column":20},"end":{"line":32,"column":70}},{"start":{"line":33,"column":20},"end":{"line":33,"column":26}}]},"3":{"line":37,"type":"cond-expr","locations":[{"start":{"line":38,"column":14},"end":{"line":38,"column":20}},{"start":{"line":39,"column":14},"end":{"line":39,"column":20}}]},"4":{"line":40,"type":"switch","locations":[{"start":{"line":42,"column":8},"end":{"line":47,"column":18}},{"start":{"line":49,"column":8},"end":{"line":52,"column":18}}]},"5":{"line":44,"type":"binary-expr","locations":[{"start":{"line":44,"column":16},"end":{"line":44,"column":44}},{"start":{"line":44,"column":48},"end":{"line":44,"column":66}}]},"6":{"line":50,"type":"binary-expr","locations":[{"start":{"line":50,"column":21},"end":{"line":50,"column":49}},{"start":{"line":50,"column":53},"end":{"line":50,"column":72}}]},"7":{"line":64,"type":"switch","locations":[{"start":{"line":69,"column":4},"end":{"line":70,"column":14}},{"start":{"line":75,"column":4},"end":{"line":76,"column":14}}]},"8":{"line":85,"type":"switch","locations":[{"start":{"line":90,"column":4},"end":{"line":105,"column":14}},{"start":{"line":111,"column":4},"end":{"line":193,"column":14},"skip":true}]},"9":{"line":91,"type":"binary-expr","locations":[{"start":{"line":91,"column":42},"end":{"line":91,"column":73}},{"start":{"line":91,"column":77},"end":{"line":99,"column":9}}]},"10":{"line":102,"type":"binary-expr","locations":[{"start":{"line":102,"column":18},"end":{"line":102,"column":32}},{"start":{"line":103,"column":12},"end":{"line":103,"column":53}},{"start":{"line":104,"column":12},"end":{"line":104,"column":61}}]},"11":{"line":112,"type":"binary-expr","locations":[{"start":{"line":112,"column":45},"end":{"line":112,"column":79},"skip":true},{"start":{"line":112,"column":83},"end":{"line":121,"column":9},"skip":true}]},"12":{"line":123,"type":"binary-expr","locations":[{"start":{"line":123,"column":42},"end":{"line":123,"column":73},"skip":true},{"start":{"line":123,"column":77},"end":{"line":136,"column":9},"skip":true}]},"13":{"line":138,"type":"binary-expr","locations":[{"start":{"line":138,"column":48},"end":{"line":138,"column":85},"skip":true},{"start":{"line":139,"column":12},"end":{"line":145,"column":13},"skip":true}]},"14":{"line":147,"type":"binary-expr","locations":[{"start":{"line":147,"column":42},"end":{"line":147,"column":73},"skip":true},{"start":{"line":147,"column":77},"end":{"line":156,"column":9},"skip":true}]},"15":{"line":158,"type":"binary-expr","locations":[{"start":{"line":158,"column":45},"end":{"line":158,"column":79},"skip":true},{"start":{"line":158,"column":83},"end":{"line":167,"column":9},"skip":true}]},"16":{"line":169,"type":"binary-expr","locations":[{"start":{"line":169,"column":43},"end":{"line":169,"column":75},"skip":true},{"start":{"line":169,"column":79},"end":{"line":178,"column":9},"skip":true}]},"17":{"line":180,"type":"binary-expr","locations":[{"start":{"line":180,"column":41},"end":{"line":180,"column":71},"skip":true},{"start":{"line":180,"column":75},"end":{"line":189,"column":9},"skip":true}]}},"code":["/* istanbul instrument in package npmtest_bittorrent_dht */","/*jslint","    bitwise: true,","    browser: true,","    maxerr: 8,","    maxlen: 96,","    node: true,","    nomen: true,","    regexp: true,","    stupid: true","*/","(function () {","    'use strict';","    var local;","","","","    // run shared js-env code - pre-init","    (function () {","        // init local","        local = {};","        // init modeJs","        local.modeJs = (function () {","            try {","                return typeof navigator.userAgent === 'string' &&","                    typeof document.querySelector('body') === 'object' &&","                    typeof XMLHttpRequest.prototype.open === 'function' &&","                    'browser';","            } catch (errorCaughtBrowser) {","                return module.exports &&","                    typeof process.versions.node === 'string' &&","                    typeof require('http').createServer === 'function' &&","                    'node';","            }","        }());","        // init global","        local.global = local.modeJs === 'browser'","            ? window","            : global;","        switch (local.modeJs) {","        // re-init local from window.local","        case 'browser':","            local = local.global.utility2.objectSetDefault(","                local.global.utility2_rollup || local.global.local,","                local.global.utility2","            );","            break;","        // re-init local from example.js","        case 'node':","            local = (local.global.utility2_rollup || require('utility2'))","                .requireExampleJsFromReadme();","            break;","        }","        // export local","        local.global.local = local;","    }());","","","","    // run shared js-env code - function","    (function () {","        return;","    }());","    switch (local.modeJs) {","","","","    // run browser js-env code - function","    case 'browser':","        break;","","","","    // run node js-env code - function","    case 'node':","        break;","    }","","","","    // run shared js-env code - post-init","    (function () {","        return;","    }());","    switch (local.modeJs) {","","","","    // run browser js-env code - post-init","    case 'browser':","        local.testCase_browser_nullCase = local.testCase_browser_nullCase || function (","            options,","            onError","        ) {","        /*","         * this function will test browsers's null-case handling-behavior-behavior","         */","            onError(null, options);","        };","","        // run tests","        local.nop(local.modeTest &&","            document.querySelector('#testRunButton1') &&","            document.querySelector('#testRunButton1').click());","        break;","","","","    // run node js-env code - post-init","    /* istanbul ignore next */","    case 'node':","        local.testCase_buildApidoc_default = local.testCase_buildApidoc_default || function (","            options,","            onError","        ) {","        /*","         * this function will test buildApidoc's default handling-behavior-behavior","         */","            options = { modulePathList: module.paths };","            local.buildApidoc(options, onError);","        };","","        local.testCase_buildApp_default = local.testCase_buildApp_default || function (","            options,","            onError","        ) {","        /*","         * this function will test buildApp's default handling-behavior-behavior","         */","            local.testCase_buildReadme_default(options, local.onErrorThrow);","            local.testCase_buildLib_default(options, local.onErrorThrow);","            local.testCase_buildTest_default(options, local.onErrorThrow);","            local.testCase_buildCustomOrg_default(options, local.onErrorThrow);","            options = [];","            local.buildApp(options, onError);","        };","","        local.testCase_buildCustomOrg_default = local.testCase_buildCustomOrg_default ||","            function (options, onError) {","            /*","             * this function will test buildCustomOrg's default handling-behavior","             */","                options = {};","                local.buildCustomOrg(options, onError);","            };","","        local.testCase_buildLib_default = local.testCase_buildLib_default || function (","            options,","            onError","        ) {","        /*","         * this function will test buildLib's default handling-behavior","         */","            options = {};","            local.buildLib(options, onError);","        };","","        local.testCase_buildReadme_default = local.testCase_buildReadme_default || function (","            options,","            onError","        ) {","        /*","         * this function will test buildReadme's default handling-behavior-behavior","         */","            options = {};","            local.buildReadme(options, onError);","        };","","        local.testCase_buildTest_default = local.testCase_buildTest_default || function (","            options,","            onError","        ) {","        /*","         * this function will test buildTest's default handling-behavior","         */","            options = {};","            local.buildTest(options, onError);","        };","","        local.testCase_webpage_default = local.testCase_webpage_default || function (","            options,","            onError","        ) {","        /*","         * this function will test webpage's default handling-behavior","         */","            options = { modeCoverageMerge: true, url: local.serverLocalHost + '?modeTest=1' };","            local.browserTest(options, onError);","        };","","        // run test-server","        local.testRunServer(local);","        break;","    }","}());",""],"l":{"12":2,"14":2,"19":2,"21":2,"23":2,"24":2,"25":2,"30":1,"37":2,"40":2,"43":1,"47":1,"50":1,"52":1,"55":2,"61":2,"62":2,"64":2,"70":1,"76":1,"82":2,"83":2,"85":2,"91":1,"98":1,"102":1,"105":1,"112":1,"119":1,"120":1,"123":1,"130":1,"131":1,"132":1,"133":1,"134":1,"135":1,"138":1,"143":2,"144":2,"147":1,"154":2,"155":2,"158":1,"165":2,"166":2,"169":1,"176":2,"177":2,"180":1,"187":1,"188":1,"192":1,"193":1}},"/home/travis/build/npmtest/node-npmtest-bittorrent-dht/lib.npmtest_bittorrent_dht.js":{"path":"/home/travis/build/npmtest/node-npmtest-bittorrent-dht/lib.npmtest_bittorrent_dht.js","s":{"1":2,"2":2,"3":2,"4":2,"5":2,"6":2,"7":2,"8":1,"9":2,"10":2,"11":2,"12":2,"13":1,"14":1,"15":1,"16":1},"b":{"1":[2,1,1,1],"2":[1,1,1,1],"3":[1,1],"4":[2,2],"5":[1,1]},"f":{"1":2,"2":2,"3":2},"fnMap":{"1":{"name":"(anonymous_1)","line":12,"loc":{"start":{"line":12,"column":1},"end":{"line":12,"column":13}}},"2":{"name":"(anonymous_2)","line":19,"loc":{"start":{"line":19,"column":5},"end":{"line":19,"column":17}}},"3":{"name":"(anonymous_3)","line":23,"loc":{"start":{"line":23,"column":24},"end":{"line":23,"column":36}}}},"statementMap":{"1":{"start":{"line":12,"column":0},"end":{"line":53,"column":5}},"2":{"start":{"line":14,"column":4},"end":{"line":14,"column":14}},"3":{"start":{"line":19,"column":4},"end":{"line":52,"column":9}},"4":{"start":{"line":21,"column":8},"end":{"line":21,"column":19}},"5":{"start":{"line":23,"column":8},"end":{"line":35,"column":13}},"6":{"start":{"line":24,"column":12},"end":{"line":34,"column":13}},"7":{"start":{"line":25,"column":16},"end":{"line":28,"column":30}},"8":{"start":{"line":30,"column":16},"end":{"line":33,"column":27}},"9":{"start":{"line":37,"column":8},"end":{"line":39,"column":21}},"10":{"start":{"line":41,"column":8},"end":{"line":41,"column":54}},"11":{"start":{"line":43,"column":8},"end":{"line":43,"column":59}},"12":{"start":{"line":45,"column":8},"end":{"line":51,"column":9}},"13":{"start":{"line":46,"column":12},"end":{"line":46,"column":65}},"14":{"start":{"line":48,"column":12},"end":{"line":48,"column":35}},"15":{"start":{"line":49,"column":12},"end":{"line":49,"column":49}},"16":{"start":{"line":50,"column":12},"end":{"line":50,"column":43}}},"branchMap":{"1":{"line":25,"type":"binary-expr","locations":[{"start":{"line":25,"column":23},"end":{"line":25,"column":62}},{"start":{"line":26,"column":20},"end":{"line":26,"column":70}},{"start":{"line":27,"column":20},"end":{"line":27,"column":71}},{"start":{"line":28,"column":20},"end":{"line":28,"column":29}}]},"2":{"line":30,"type":"binary-expr","locations":[{"start":{"line":30,"column":23},"end":{"line":30,"column":37}},{"start":{"line":31,"column":20},"end":{"line":31,"column":61}},{"start":{"line":32,"column":20},"end":{"line":32,"column":70}},{"start":{"line":33,"column":20},"end":{"line":33,"column":26}}]},"3":{"line":37,"type":"cond-expr","locations":[{"start":{"line":38,"column":14},"end":{"line":38,"column":20}},{"start":{"line":39,"column":14},"end":{"line":39,"column":20}}]},"4":{"line":41,"type":"binary-expr","locations":[{"start":{"line":41,"column":16},"end":{"line":41,"column":44}},{"start":{"line":41,"column":48},"end":{"line":41,"column":53}}]},"5":{"line":45,"type":"if","locations":[{"start":{"line":45,"column":8},"end":{"line":45,"column":8}},{"start":{"line":45,"column":8},"end":{"line":45,"column":8}}]}},"code":["/* istanbul instrument in package npmtest_bittorrent_dht */","/*jslint","    bitwise: true,","    browser: true,","    maxerr: 8,","    maxlen: 96,","    node: true,","    nomen: true,","    regexp: true,","    stupid: true","*/","(function () {","    'use strict';","    var local;","","","","    // run shared js-env code - pre-init","    (function () {","        // init local","        local = {};","        // init modeJs","        local.modeJs = (function () {","            try {","                return typeof navigator.userAgent === 'string' &&","                    typeof document.querySelector('body') === 'object' &&","                    typeof XMLHttpRequest.prototype.open === 'function' &&","                    'browser';","            } catch (errorCaughtBrowser) {","                return module.exports &&","                    typeof process.versions.node === 'string' &&","                    typeof require('http').createServer === 'function' &&","                    'node';","            }","        }());","        // init global","        local.global = local.modeJs === 'browser'","            ? window","            : global;","        // init utility2_rollup","        local = local.global.utility2_rollup || local;","        // init lib","        local.local = local.npmtest_bittorrent_dht = local;","        // init exports","        if (local.modeJs === 'browser') {","            local.global.utility2_npmtest_bittorrent_dht = local;","        } else {","            module.exports = local;","            module.exports.__dirname = __dirname;","            module.exports.module = module;","        }","    }());","}());",""],"l":{"12":2,"14":2,"19":2,"21":2,"23":2,"24":2,"25":2,"30":1,"37":2,"41":2,"43":2,"45":2,"46":1,"48":1,"49":1,"50":1}},"/home/travis/build/npmtest/node-npmtest-bittorrent-dht/example.js":{"path":"/home/travis/build/npmtest/node-npmtest-bittorrent-dht/example.js","s":{"1":2,"2":2,"3":2,"4":2,"5":2,"6":2,"7":2,"8":1,"9":2,"10":2,"11":2,"12":2,"13":1,"14":2,"15":2,"16":2,"17":2,"18":2,"19":0,"20":2,"21":1,"22":1,"23":1,"24":1,"25":1,"26":0,"27":0,"28":1,"29":1,"30":2,"31":0,"32":0,"33":0,"34":1,"35":2,"36":2,"37":3,"38":3,"39":3,"40":3,"41":0,"42":3,"43":3,"44":3,"45":1,"46":3,"47":1,"48":1,"49":1,"50":1,"51":1,"52":1,"53":1,"54":1,"55":1,"56":1,"57":0,"58":1,"59":6,"60":6,"61":1,"62":2,"63":0,"64":2,"65":1,"66":1,"67":0,"68":0,"69":0,"70":0,"71":0,"72":0,"73":0,"74":0,"75":0,"76":0,"77":0,"78":0,"79":0,"80":0,"81":0,"82":0,"83":0},"b":{"1":[2,1,1,1],"2":[1,1,1,1],"3":[1,1],"4":[2,2],"5":[1,1],"6":[1,1],"7":[2,0],"8":[2,1,1,1,1,1],"9":[0,2,0],"10":[1,1],"11":[2,1,1],"12":[1,0],"13":[0,2],"14":[2,0,0,0,0,0,0],"15":[0,3],"16":[3,0],"17":[1,1],"18":[0,1],"19":[1,2,0,2],"20":[1,0],"21":[1,1],"22":[0,0],"23":[0,0],"24":[0,0],"25":[0,0],"26":[0,0],"27":[0,0],"28":[0,0]},"f":{"1":2,"2":2,"3":2,"4":2,"5":2,"6":2,"7":3,"8":3,"9":3,"10":1,"11":6,"12":0},"fnMap":{"1":{"name":"(anonymous_1)","line":26,"loc":{"start":{"line":26,"column":1},"end":{"line":26,"column":13}}},"2":{"name":"(anonymous_2)","line":33,"loc":{"start":{"line":33,"column":5},"end":{"line":33,"column":17}}},"3":{"name":"(anonymous_3)","line":37,"loc":{"start":{"line":37,"column":24},"end":{"line":37,"column":36}}},"4":{"name":"(anonymous_4)","line":69,"loc":{"start":{"line":69,"column":31},"end":{"line":69,"column":48}},"skip":true},"5":{"name":"(anonymous_5)","line":78,"loc":{"start":{"line":78,"column":26},"end":{"line":78,"column":45}},"skip":true},"6":{"name":"(anonymous_6)","line":123,"loc":{"start":{"line":123,"column":33},"end":{"line":123,"column":48}},"skip":true},"7":{"name":"(anonymous_7)","line":125,"loc":{"start":{"line":125,"column":27},"end":{"line":125,"column":39}},"skip":true},"8":{"name":"(anonymous_8)","line":133,"loc":{"start":{"line":133,"column":59},"end":{"line":133,"column":74}},"skip":true},"9":{"name":"(anonymous_9)","line":143,"loc":{"start":{"line":143,"column":45},"end":{"line":143,"column":62}},"skip":true},"10":{"name":"(anonymous_10)","line":144,"loc":{"start":{"line":144,"column":73},"end":{"line":144,"column":92}},"skip":true},"11":{"name":"(anonymous_11)","line":272,"loc":{"start":{"line":272,"column":51},"end":{"line":272,"column":77}},"skip":true},"12":{"name":"(anonymous_12)","line":315,"loc":{"start":{"line":315,"column":32},"end":{"line":315,"column":61}},"skip":true}},"statementMap":{"1":{"start":{"line":26,"column":0},"end":{"line":326,"column":5}},"2":{"start":{"line":28,"column":4},"end":{"line":28,"column":14}},"3":{"start":{"line":33,"column":4},"end":{"line":60,"column":9}},"4":{"start":{"line":35,"column":8},"end":{"line":35,"column":19}},"5":{"start":{"line":37,"column":8},"end":{"line":49,"column":13}},"6":{"start":{"line":38,"column":12},"end":{"line":48,"column":13}},"7":{"start":{"line":39,"column":16},"end":{"line":42,"column":30}},"8":{"start":{"line":44,"column":16},"end":{"line":47,"column":27}},"9":{"start":{"line":51,"column":8},"end":{"line":53,"column":21}},"10":{"start":{"line":55,"column":8},"end":{"line":57,"column":45}},"11":{"start":{"line":59,"column":8},"end":{"line":59,"column":35}},"12":{"start":{"line":61,"column":4},"end":{"line":325,"column":5}},"13":{"start":{"line":69,"column":8},"end":{"line":121,"column":10},"skip":true},"14":{"start":{"line":70,"column":12},"end":{"line":88,"column":13},"skip":true},"15":{"start":{"line":76,"column":16},"end":{"line":87,"column":19},"skip":true},"16":{"start":{"line":79,"column":20},"end":{"line":86,"column":21},"skip":true},"17":{"start":{"line":82,"column":24},"end":{"line":82,"column":43},"skip":true},"18":{"start":{"line":83,"column":24},"end":{"line":83,"column":30},"skip":true},"19":{"start":{"line":85,"column":24},"end":{"line":85,"column":49},"skip":true},"20":{"start":{"line":89,"column":12},"end":{"line":107,"column":13},"skip":true},"21":{"start":{"line":92,"column":16},"end":{"line":102,"column":17},"skip":true},"22":{"start":{"line":93,"column":20},"end":{"line":93,"column":86},"skip":true},"23":{"start":{"line":94,"column":20},"end":{"line":95,"column":45},"skip":true},"24":{"start":{"line":96,"column":20},"end":{"line":96,"column":42},"skip":true},"25":{"start":{"line":97,"column":20},"end":{"line":97,"column":48},"skip":true},"26":{"start":{"line":100,"column":20},"end":{"line":100,"column":85},"skip":true},"27":{"start":{"line":101,"column":20},"end":{"line":101,"column":96},"skip":true},"28":{"start":{"line":103,"column":16},"end":{"line":103,"column":22},"skip":true},"29":{"start":{"line":106,"column":16},"end":{"line":106,"column":22},"skip":true},"30":{"start":{"line":108,"column":12},"end":{"line":120,"column":13},"skip":true},"31":{"start":{"line":114,"column":16},"end":{"line":119,"column":17},"skip":true},"32":{"start":{"line":116,"column":20},"end":{"line":116,"column":78},"skip":true},"33":{"start":{"line":118,"column":20},"end":{"line":118,"column":47},"skip":true},"34":{"start":{"line":123,"column":8},"end":{"line":141,"column":11},"skip":true},"35":{"start":{"line":124,"column":12},"end":{"line":124,"column":54},"skip":true},"36":{"start":{"line":125,"column":12},"end":{"line":140,"column":14},"skip":true},"37":{"start":{"line":126,"column":16},"end":{"line":126,"column":28},"skip":true},"38":{"start":{"line":127,"column":16},"end":{"line":127,"column":69},"skip":true},"39":{"start":{"line":128,"column":16},"end":{"line":128,"column":75},"skip":true},"40":{"start":{"line":129,"column":16},"end":{"line":131,"column":17},"skip":true},"41":{"start":{"line":130,"column":20},"end":{"line":130,"column":27},"skip":true},"42":{"start":{"line":133,"column":16},"end":{"line":137,"column":36},"skip":true},"43":{"start":{"line":134,"column":20},"end":{"line":136,"column":55},"skip":true},"44":{"start":{"line":139,"column":16},"end":{"line":139,"column":57},"skip":true},"45":{"start":{"line":143,"column":8},"end":{"line":147,"column":11},"skip":true},"46":{"start":{"line":144,"column":12},"end":{"line":146,"column":15},"skip":true},"47":{"start":{"line":145,"column":16},"end":{"line":145,"column":70},"skip":true},"48":{"start":{"line":149,"column":8},"end":{"line":149,"column":31},"skip":true},"49":{"start":{"line":150,"column":8},"end":{"line":150,"column":14},"skip":true},"50":{"start":{"line":158,"column":8},"end":{"line":158,"column":31},"skip":true},"51":{"start":{"line":160,"column":8},"end":{"line":160,"column":33},"skip":true},"52":{"start":{"line":161,"column":8},"end":{"line":161,"column":37},"skip":true},"53":{"start":{"line":162,"column":8},"end":{"line":162,"column":35},"skip":true},"54":{"start":{"line":164,"column":8},"end":{"line":164,"column":50},"skip":true},"55":{"start":{"line":166,"column":8},"end":{"line":256,"column":2},"skip":true},"56":{"start":{"line":258,"column":8},"end":{"line":286,"column":9},"skip":true},"57":{"start":{"line":259,"column":12},"end":{"line":269,"column":14},"skip":true},"58":{"start":{"line":271,"column":12},"end":{"line":285,"column":19},"skip":true},"59":{"start":{"line":274,"column":20},"end":{"line":274,"column":35},"skip":true},"60":{"start":{"line":275,"column":20},"end":{"line":284,"column":21},"skip":true},"61":{"start":{"line":277,"column":24},"end":{"line":277,"column":64},"skip":true},"62":{"start":{"line":279,"column":24},"end":{"line":279,"column":40},"skip":true},"63":{"start":{"line":281,"column":24},"end":{"line":281,"column":40},"skip":true},"64":{"start":{"line":283,"column":24},"end":{"line":283,"column":39},"skip":true},"65":{"start":{"line":288,"column":8},"end":{"line":290,"column":9},"skip":true},"66":{"start":{"line":289,"column":12},"end":{"line":289,"column":18},"skip":true},"67":{"start":{"line":291,"column":8},"end":{"line":293,"column":54},"skip":true},"68":{"start":{"line":296,"column":8},"end":{"line":301,"column":37},"skip":true},"69":{"start":{"line":303,"column":8},"end":{"line":303,"column":82},"skip":true},"70":{"start":{"line":306,"column":8},"end":{"line":308,"column":9},"skip":true},"71":{"start":{"line":307,"column":12},"end":{"line":307,"column":82},"skip":true},"72":{"start":{"line":310,"column":8},"end":{"line":312,"column":9},"skip":true},"73":{"start":{"line":311,"column":12},"end":{"line":311,"column":18},"skip":true},"74":{"start":{"line":313,"column":8},"end":{"line":313,"column":54},"skip":true},"75":{"start":{"line":314,"column":8},"end":{"line":314,"column":69},"skip":true},"76":{"start":{"line":315,"column":8},"end":{"line":323,"column":36},"skip":true},"77":{"start":{"line":316,"column":12},"end":{"line":316,"column":61},"skip":true},"78":{"start":{"line":317,"column":12},"end":{"line":320,"column":13},"skip":true},"79":{"start":{"line":318,"column":16},"end":{"line":318,"column":75},"skip":true},"80":{"start":{"line":319,"column":16},"end":{"line":319,"column":23},"skip":true},"81":{"start":{"line":321,"column":12},"end":{"line":321,"column":38},"skip":true},"82":{"start":{"line":322,"column":12},"end":{"line":322,"column":27},"skip":true},"83":{"start":{"line":324,"column":8},"end":{"line":324,"column":14},"skip":true}},"branchMap":{"1":{"line":39,"type":"binary-expr","locations":[{"start":{"line":39,"column":23},"end":{"line":39,"column":62}},{"start":{"line":40,"column":20},"end":{"line":40,"column":70}},{"start":{"line":41,"column":20},"end":{"line":41,"column":71}},{"start":{"line":42,"column":20},"end":{"line":42,"column":29}}]},"2":{"line":44,"type":"binary-expr","locations":[{"start":{"line":44,"column":23},"end":{"line":44,"column":37}},{"start":{"line":45,"column":20},"end":{"line":45,"column":61}},{"start":{"line":46,"column":20},"end":{"line":46,"column":70}},{"start":{"line":47,"column":20},"end":{"line":47,"column":26}}]},"3":{"line":51,"type":"cond-expr","locations":[{"start":{"line":52,"column":14},"end":{"line":52,"column":20}},{"start":{"line":53,"column":14},"end":{"line":53,"column":20}}]},"4":{"line":55,"type":"binary-expr","locations":[{"start":{"line":55,"column":16},"end":{"line":55,"column":44}},{"start":{"line":55,"column":49},"end":{"line":57,"column":43}}]},"5":{"line":55,"type":"cond-expr","locations":[{"start":{"line":56,"column":14},"end":{"line":56,"column":58}},{"start":{"line":57,"column":14},"end":{"line":57,"column":43}}]},"6":{"line":61,"type":"switch","locations":[{"start":{"line":68,"column":4},"end":{"line":150,"column":14},"skip":true},{"start":{"line":156,"column":4},"end":{"line":324,"column":14},"skip":true}]},"7":{"line":70,"type":"if","locations":[{"start":{"line":70,"column":12},"end":{"line":70,"column":12},"skip":true},{"start":{"line":70,"column":12},"end":{"line":70,"column":12},"skip":true}]},"8":{"line":70,"type":"binary-expr","locations":[{"start":{"line":70,"column":16},"end":{"line":70,"column":22},"skip":true},{"start":{"line":70,"column":27},"end":{"line":70,"column":32},"skip":true},{"start":{"line":71,"column":20},"end":{"line":71,"column":39},"skip":true},{"start":{"line":72,"column":20},"end":{"line":72,"column":49},"skip":true},{"start":{"line":73,"column":20},"end":{"line":73,"column":58},"skip":true},{"start":{"line":74,"column":20},"end":{"line":74,"column":69},"skip":true}]},"9":{"line":79,"type":"switch","locations":[{"start":{"line":80,"column":20},"end":{"line":80,"column":33},"skip":true},{"start":{"line":81,"column":20},"end":{"line":83,"column":30},"skip":true},{"start":{"line":84,"column":20},"end":{"line":85,"column":49},"skip":true}]},"10":{"line":89,"type":"switch","locations":[{"start":{"line":90,"column":12},"end":{"line":103,"column":22},"skip":true},{"start":{"line":105,"column":12},"end":{"line":106,"column":22},"skip":true}]},"11":{"line":89,"type":"binary-expr","locations":[{"start":{"line":89,"column":20},"end":{"line":89,"column":25},"skip":true},{"start":{"line":89,"column":29},"end":{"line":89,"column":48},"skip":true},{"start":{"line":89,"column":52},"end":{"line":89,"column":74},"skip":true}]},"12":{"line":92,"type":"if","locations":[{"start":{"line":92,"column":16},"end":{"line":92,"column":16},"skip":true},{"start":{"line":92,"column":16},"end":{"line":92,"column":16},"skip":true}]},"13":{"line":108,"type":"if","locations":[{"start":{"line":108,"column":12},"end":{"line":108,"column":12},"skip":true},{"start":{"line":108,"column":12},"end":{"line":108,"column":12},"skip":true}]},"14":{"line":108,"type":"binary-expr","locations":[{"start":{"line":108,"column":16},"end":{"line":108,"column":61},"skip":true},{"start":{"line":108,"column":66},"end":{"line":108,"column":72},"skip":true},{"start":{"line":108,"column":77},"end":{"line":108,"column":82},"skip":true},{"start":{"line":109,"column":20},"end":{"line":109,"column":39},"skip":true},{"start":{"line":110,"column":20},"end":{"line":110,"column":49},"skip":true},{"start":{"line":111,"column":20},"end":{"line":111,"column":58},"skip":true},{"start":{"line":112,"column":20},"end":{"line":112,"column":68},"skip":true}]},"15":{"line":129,"type":"if","locations":[{"start":{"line":129,"column":16},"end":{"line":129,"column":16},"skip":true},{"start":{"line":129,"column":16},"end":{"line":129,"column":16},"skip":true}]},"16":{"line":134,"type":"cond-expr","locations":[{"start":{"line":135,"column":26},"end":{"line":135,"column":29},"skip":true},{"start":{"line":136,"column":26},"end":{"line":136,"column":54},"skip":true}]},"17":{"line":164,"type":"binary-expr","locations":[{"start":{"line":164,"column":27},"end":{"line":164,"column":43},"skip":true},{"start":{"line":164,"column":47},"end":{"line":164,"column":49},"skip":true}]},"18":{"line":258,"type":"if","locations":[{"start":{"line":258,"column":8},"end":{"line":258,"column":8},"skip":true},{"start":{"line":258,"column":8},"end":{"line":258,"column":8},"skip":true}]},"19":{"line":275,"type":"switch","locations":[{"start":{"line":276,"column":20},"end":{"line":277,"column":64},"skip":true},{"start":{"line":278,"column":20},"end":{"line":279,"column":40},"skip":true},{"start":{"line":280,"column":20},"end":{"line":281,"column":40},"skip":true},{"start":{"line":282,"column":20},"end":{"line":283,"column":39},"skip":true}]},"20":{"line":288,"type":"if","locations":[{"start":{"line":288,"column":8},"end":{"line":288,"column":8},"skip":true},{"start":{"line":288,"column":8},"end":{"line":288,"column":8},"skip":true}]},"21":{"line":288,"type":"binary-expr","locations":[{"start":{"line":288,"column":12},"end":{"line":288,"column":40},"skip":true},{"start":{"line":288,"column":44},"end":{"line":288,"column":67},"skip":true}]},"22":{"line":292,"type":"binary-expr","locations":[{"start":{"line":292,"column":12},"end":{"line":292,"column":50},"skip":true},{"start":{"line":293,"column":12},"end":{"line":293,"column":53},"skip":true}]},"23":{"line":297,"type":"binary-expr","locations":[{"start":{"line":297,"column":12},"end":{"line":297,"column":72},"skip":true},{"start":{"line":298,"column":12},"end":{"line":301,"column":36},"skip":true}]},"24":{"line":303,"type":"binary-expr","locations":[{"start":{"line":303,"column":43},"end":{"line":303,"column":75},"skip":true},{"start":{"line":303,"column":79},"end":{"line":303,"column":81},"skip":true}]},"25":{"line":306,"type":"if","locations":[{"start":{"line":306,"column":8},"end":{"line":306,"column":8},"skip":true},{"start":{"line":306,"column":8},"end":{"line":306,"column":8},"skip":true}]},"26":{"line":310,"type":"if","locations":[{"start":{"line":310,"column":8},"end":{"line":310,"column":8},"skip":true},{"start":{"line":310,"column":8},"end":{"line":310,"column":8},"skip":true}]},"27":{"line":313,"type":"binary-expr","locations":[{"start":{"line":313,"column":27},"end":{"line":313,"column":43},"skip":true},{"start":{"line":313,"column":47},"end":{"line":313,"column":53},"skip":true}]},"28":{"line":317,"type":"if","locations":[{"start":{"line":317,"column":12},"end":{"line":317,"column":12},"skip":true},{"start":{"line":317,"column":12},"end":{"line":317,"column":12},"skip":true}]}},"code":["/*","example.js","","quickstart example","","instruction","    1. save this script as example.js","    2. run the shell command:","        $ npm install npmtest-bittorrent-dht && PORT=8081 node example.js","    3. play with the browser-demo on http://127.0.0.1:8081","*/","","","","/* istanbul instrument in package npmtest_bittorrent_dht */","/*jslint","    bitwise: true,","    browser: true,","    maxerr: 8,","    maxlen: 96,","    node: true,","    nomen: true,","    regexp: true,","    stupid: true","*/","(function () {","    'use strict';","    var local;","","","","    // run shared js-env code - pre-init","    (function () {","        // init local","        local = {};","        // init modeJs","        local.modeJs = (function () {","            try {","                return typeof navigator.userAgent === 'string' &&","                    typeof document.querySelector('body') === 'object' &&","                    typeof XMLHttpRequest.prototype.open === 'function' &&","                    'browser';","            } catch (errorCaughtBrowser) {","                return module.exports &&","                    typeof process.versions.node === 'string' &&","                    typeof require('http').createServer === 'function' &&","                    'node';","            }","        }());","        // init global","        local.global = local.modeJs === 'browser'","            ? window","            : global;","        // init utility2_rollup","        local = local.global.utility2_rollup || (local.modeJs === 'browser'","            ? local.global.utility2_npmtest_bittorrent_dht","            : global.utility2_moduleExports);","        // export local","        local.global.local = local;","    }());","    switch (local.modeJs) {","","","","    // post-init","    // run browser js-env code - post-init","    /* istanbul ignore next */","    case 'browser':","        local.testRunBrowser = function (event) {","            if (!event || (event &&","                    event.currentTarget &&","                    event.currentTarget.className &&","                    event.currentTarget.className.includes &&","                    event.currentTarget.className.includes('onreset'))) {","                // reset output","                Array.from(","                    document.querySelectorAll('body > .resettable')","                ).forEach(function (element) {","                    switch (element.tagName) {","                    case 'INPUT':","                    case 'TEXTAREA':","                        element.value = '';","                        break;","                    default:","                        element.textContent = '';","                    }","                });","            }","            switch (event && event.currentTarget && event.currentTarget.id) {","            case 'testRunButton1':","                // show tests","                if (document.querySelector('#testReportDiv1').style.display === 'none') {","                    document.querySelector('#testReportDiv1').style.display = 'block';","                    document.querySelector('#testRunButton1').textContent =","                        'hide internal test';","                    local.modeTest = true;","                    local.testRunDefault(local);","                // hide tests","                } else {","                    document.querySelector('#testReportDiv1').style.display = 'none';","                    document.querySelector('#testRunButton1').textContent = 'run internal test';","                }","                break;","            // custom-case","            default:","                break;","            }","            if (document.querySelector('#inputTextareaEval1') && (!event || (event &&","                    event.currentTarget &&","                    event.currentTarget.className &&","                    event.currentTarget.className.includes &&","                    event.currentTarget.className.includes('oneval')))) {","                // try to eval input-code","                try {","                    /*jslint evil: true*/","                    eval(document.querySelector('#inputTextareaEval1').value);","                } catch (errorCaught) {","                    console.error(errorCaught);","                }","            }","        };","        // log stderr and stdout to #outputTextareaStdout1","        ['error', 'log'].forEach(function (key) {","            console[key + '_original'] = console[key];","            console[key] = function () {","                var element;","                console[key + '_original'].apply(console, arguments);","                element = document.querySelector('#outputTextareaStdout1');","                if (!element) {","                    return;","                }","                // append text to #outputTextareaStdout1","                element.value += Array.from(arguments).map(function (arg) {","                    return typeof arg === 'string'","                        ? arg","                        : JSON.stringify(arg, null, 4);","                }).join(' ') + '\\n';","                // scroll textarea to bottom","                element.scrollTop = element.scrollHeight;","            };","        });","        // init event-handling","        ['change', 'click', 'keyup'].forEach(function (event) {","            Array.from(document.querySelectorAll('.on' + event)).forEach(function (element) {","                element.addEventListener(event, local.testRunBrowser);","            });","        });","        // run tests","        local.testRunBrowser();","        break;","","","","    // run node js-env code - post-init","    /* istanbul ignore next */","    case 'node':","        // export local","        module.exports = local;","        // require modules","        local.fs = require('fs');","        local.http = require('http');","        local.url = require('url');","        // init assets","        local.assetsDict = local.assetsDict || {};","        /* jslint-ignore-begin */","        local.assetsDict['/assets.index.template.html'] = '\\","<!doctype html>\\n\\","<html lang=\"en\">\\n\\","<head>\\n\\","<meta charset=\"UTF-8\">\\n\\","<meta name=\"viewport\" content=\"width=device-width, initial-scale=1\">\\n\\","<title>{{env.npm_package_name}} (v{{env.npm_package_version}})</title>\\n\\","<style>\\n\\","/*csslint\\n\\","    box-sizing: false,\\n\\","    universal-selector: false\\n\\","*/\\n\\","* {\\n\\","    box-sizing: border-box;\\n\\","}\\n\\","body {\\n\\","    background: #dde;\\n\\","    font-family: Arial, Helvetica, sans-serif;\\n\\","    margin: 2rem;\\n\\","}\\n\\","body > * {\\n\\","    margin-bottom: 1rem;\\n\\","}\\n\\",".utility2FooterDiv {\\n\\","    margin-top: 20px;\\n\\","    text-align: center;\\n\\","}\\n\\","</style>\\n\\","<style>\\n\\","/*csslint\\n\\","*/\\n\\","textarea {\\n\\","    font-family: monospace;\\n\\","    height: 10rem;\\n\\","    width: 100%;\\n\\","}\\n\\","textarea[readonly] {\\n\\","    background: #ddd;\\n\\","}\\n\\","</style>\\n\\","</head>\\n\\","<body>\\n\\","<!-- utility2-comment\\n\\","<div id=\"ajaxProgressDiv1\" style=\"background: #d00; height: 2px; left: 0; margin: 0; padding: 0; position: fixed; top: 0; transition: background 0.5s, width 1.5s; width: 25%;\"></div>\\n\\","utility2-comment -->\\n\\","<h1>\\n\\","<!-- utility2-comment\\n\\","    <a\\n\\","        {{#if env.npm_package_homepage}}\\n\\","        href=\"{{env.npm_package_homepage}}\"\\n\\","        {{/if env.npm_package_homepage}}\\n\\","        target=\"_blank\"\\n\\","    >\\n\\","utility2-comment -->\\n\\","        {{env.npm_package_name}} (v{{env.npm_package_version}})\\n\\","<!-- utility2-comment\\n\\","    </a>\\n\\","utility2-comment -->\\n\\","</h1>\\n\\","<h3>{{env.npm_package_description}}</h3>\\n\\","<!-- utility2-comment\\n\\","<h4><a download href=\"assets.app.js\">download standalone app</a></h4>\\n\\","<button class=\"onclick onreset\" id=\"testRunButton1\">run internal test</button><br>\\n\\","<div id=\"testReportDiv1\" style=\"display: none;\"></div>\\n\\","utility2-comment -->\\n\\","\\n\\","\\n\\","\\n\\","<label>stderr and stdout</label>\\n\\","<textarea class=\"resettable\" id=\"outputTextareaStdout1\" readonly></textarea>\\n\\","<!-- utility2-comment\\n\\","{{#if isRollup}}\\n\\","<script src=\"assets.app.js\"></script>\\n\\","{{#unless isRollup}}\\n\\","utility2-comment -->\\n\\","<script src=\"assets.utility2.rollup.js\"></script>\\n\\","<script src=\"jsonp.utility2._stateInit?callback=window.utility2._stateInit\"></script>\\n\\","<script src=\"assets.npmtest_bittorrent_dht.rollup.js\"></script>\\n\\","<script src=\"assets.example.js\"></script>\\n\\","<script src=\"assets.test.js\"></script>\\n\\","<!-- utility2-comment\\n\\","{{/if isRollup}}\\n\\","utility2-comment -->\\n\\","<div class=\"utility2FooterDiv\">\\n\\","    [ this app was created with\\n\\","    <a href=\"https://github.com/kaizhu256/node-utility2\" target=\"_blank\">utility2</a>\\n\\","    ]\\n\\","</div>\\n\\","</body>\\n\\","</html>\\n\\","';","        /* jslint-ignore-end */","        if (local.templateRender) {","            local.assetsDict['/'] = local.templateRender(","                local.assetsDict['/assets.index.template.html'],","                {","                    env: local.objectSetDefault(local.env, {","                        npm_package_description: 'the greatest app in the world!',","                        npm_package_name: 'my-app',","                        npm_package_nameAlias: 'my_app',","                        npm_package_version: '0.0.1'","                    })","                }","            );","        } else {","            local.assetsDict['/'] = local.assetsDict['/assets.index.template.html']","                .replace((/\\{\\{env\\.(\\w+?)\\}\\}/g), function (match0, match1) {","                    // jslint-hack","                    String(match0);","                    switch (match1) {","                    case 'npm_package_description':","                        return 'the greatest app in the world!';","                    case 'npm_package_name':","                        return 'my-app';","                    case 'npm_package_nameAlias':","                        return 'my_app';","                    case 'npm_package_version':","                        return '0.0.1';","                    }","                });","        }","        // run the cli","        if (local.global.utility2_rollup || module !== require.main) {","            break;","        }","        local.assetsDict['/assets.example.js'] =","            local.assetsDict['/assets.example.js'] ||","            local.fs.readFileSync(__filename, 'utf8');","        // bug-workaround - long $npm_package_buildCustomOrg","        /* jslint-ignore-begin */","        local.assetsDict['/assets.npmtest_bittorrent_dht.rollup.js'] =","            local.assetsDict['/assets.npmtest_bittorrent_dht.rollup.js'] ||","            local.fs.readFileSync(","                local.npmtest_bittorrent_dht.__dirname + '/lib.npmtest_bittorrent_dht.js',","                'utf8'","            ).replace((/^#!/), '//');","        /* jslint-ignore-end */","        local.assetsDict['/favicon.ico'] = local.assetsDict['/favicon.ico'] || '';","        // if $npm_config_timeout_exit exists,","        // then exit this process after $npm_config_timeout_exit ms","        if (Number(process.env.npm_config_timeout_exit)) {","            setTimeout(process.exit, Number(process.env.npm_config_timeout_exit));","        }","        // start server","        if (local.global.utility2_serverHttp1) {","            break;","        }","        process.env.PORT = process.env.PORT || '8081';","        console.error('server starting on port ' + process.env.PORT);","        local.http.createServer(function (request, response) {","            request.urlParsed = local.url.parse(request.url);","            if (local.assetsDict[request.urlParsed.pathname] !== undefined) {","                response.end(local.assetsDict[request.urlParsed.pathname]);","                return;","            }","            response.statusCode = 404;","            response.end();","        }).listen(process.env.PORT);","        break;","    }","}());",""],"l":{"26":2,"28":2,"33":2,"35":2,"37":2,"38":2,"39":2,"44":1,"51":2,"55":2,"59":2,"61":2,"69":1,"70":2,"76":2,"79":2,"82":2,"83":2,"85":1,"89":2,"92":1,"93":1,"94":1,"96":1,"97":1,"100":1,"101":1,"103":1,"106":1,"108":2,"114":1,"116":1,"118":1,"123":1,"124":2,"125":2,"126":3,"127":3,"128":3,"129":3,"130":1,"133":3,"134":3,"139":3,"143":1,"144":3,"145":1,"149":1,"150":1,"158":1,"160":1,"161":1,"162":1,"164":1,"166":1,"258":1,"259":1,"271":1,"274":6,"275":6,"277":1,"279":2,"281":1,"283":2,"288":1,"289":1,"291":1,"296":1,"303":1,"306":1,"307":1,"310":1,"311":1,"313":1,"314":1,"315":1,"316":1,"317":1,"318":1,"319":1,"321":1,"322":1,"324":1}},"/home/travis/build/npmtest/node-npmtest-bittorrent-dht/node_modules/bittorrent-dht/index.js":{"path":"/home/travis/build/npmtest/node-npmtest-bittorrent-dht/node_modules/bittorrent-dht/index.js","s":{"1":1,"2":1,"3":1,"4":1,"5":1},"b":{},"f":{},"fnMap":{},"statementMap":{"1":{"start":{"line":1,"column":0},"end":{"line":1,"column":32}},"2":{"start":{"line":2,"column":0},"end":{"line":2,"column":32}},"3":{"start":{"line":4,"column":0},"end":{"line":4,"column":23}},"4":{"start":{"line":5,"column":0},"end":{"line":5,"column":30}},"5":{"start":{"line":6,"column":0},"end":{"line":6,"column":30}}},"branchMap":{},"code":["var Client = require('./client')","var Server = require('./server')","","module.exports = Client","module.exports.Client = Client","module.exports.Server = Server",""],"l":{"1":1,"2":1,"4":1,"5":1,"6":1}},"/home/travis/build/npmtest/node-npmtest-bittorrent-dht/node_modules/bittorrent-dht/client.js":{"path":"/home/travis/build/npmtest/node-npmtest-bittorrent-dht/node_modules/bittorrent-dht/client.js","s":{"1":1,"2":1,"3":1,"4":1,"5":1,"6":1,"7":1,"8":1,"9":1,"10":1,"11":1,"12":1,"13":1,"14":1,"15":0,"16":0,"17":0,"18":0,"19":0,"20":0,"21":0,"22":0,"23":0,"24":0,"25":0,"26":0,"27":0,"28":0,"29":0,"30":0,"31":0,"32":0,"33":0,"34":0,"35":0,"36":0,"37":0,"38":0,"39":0,"40":0,"41":0,"42":1,"43":0,"44":0,"45":0,"46":1,"47":0,"48":1,"49":0,"50":1,"51":0,"52":0,"53":1,"54":0,"55":1,"56":0,"57":1,"58":0,"59":1,"60":0,"61":0,"62":0,"63":0,"64":0,"65":0,"66":0,"67":0,"68":0,"69":0,"70":0,"71":1,"72":0,"73":1,"74":0,"75":0,"76":0,"77":0,"78":0,"79":0,"80":1,"81":0,"82":0,"83":0,"84":0,"85":0,"86":0,"87":0,"88":0,"89":0,"90":0,"91":0,"92":0,"93":1,"94":0,"95":0,"96":0,"97":0,"98":0,"99":0,"100":0,"101":0,"102":0,"103":0,"104":0,"105":0,"106":0,"107":0,"108":0,"109":0,"110":0,"111":0,"112":0,"113":0,"114":0,"115":0,"116":1,"117":0,"118":0,"119":0,"120":0,"121":0,"122":0,"123":0,"124":0,"125":0,"126":0,"127":0,"128":0,"129":0,"130":0,"131":0,"132":0,"133":0,"134":0,"135":0,"136":0,"137":0,"138":0,"139":0,"140":0,"141":0,"142":0,"143":1,"144":0,"145":0,"146":0,"147":0,"148":0,"149":0,"150":1,"151":0,"152":0,"153":0,"154":0,"155":0,"156":0,"157":0,"158":0,"159":0,"160":0,"161":0,"162":0,"163":0,"164":1,"165":0,"166":0,"167":0,"168":1,"169":0,"170":0,"171":0,"172":0,"173":0,"174":0,"175":0,"176":0,"177":0,"178":0,"179":0,"180":0,"181":0,"182":0,"183":0,"184":0,"185":1,"186":0,"187":0,"188":0,"189":0,"190":0,"191":0,"192":0,"193":0,"194":0,"195":0,"196":0,"197":0,"198":0,"199":0,"200":1,"201":0,"202":0,"203":0,"204":0,"205":0,"206":0,"207":0,"208":1,"209":0,"210":0,"211":0,"212":0,"213":0,"214":0,"215":0,"216":0,"217":1,"218":0,"219":0,"220":0,"221":0,"222":0,"223":1,"224":0,"225":0,"226":0,"227":0,"228":0,"229":0,"230":1,"231":0,"232":1,"233":0,"234":0,"235":0,"236":1,"237":0,"238":0,"239":0,"240":0,"241":0,"242":0,"243":0,"244":0,"245":0,"246":0,"247":0,"248":0,"249":1,"250":0,"251":0,"252":0,"253":0,"254":0,"255":0,"256":0,"257":0,"258":0,"259":0,"260":0,"261":1,"262":0,"263":0,"264":0,"265":0,"266":0,"267":0,"268":1,"269":0,"270":0,"271":0,"272":0,"273":0,"274":0,"275":0,"276":0,"277":0,"278":0,"279":0,"280":1,"281":0,"282":0,"283":0,"284":0,"285":0,"286":0,"287":0,"288":0,"289":0,"290":0,"291":0,"292":0,"293":0,"294":1,"295":0,"296":0,"297":1,"298":0,"299":0,"300":0,"301":0,"302":0,"303":0,"304":0,"305":0,"306":0,"307":0,"308":0,"309":1,"310":0,"311":0,"312":0,"313":0,"314":0,"315":0,"316":0,"317":0,"318":0,"319":0,"320":0,"321":0,"322":0,"323":0,"324":0,"325":0,"326":0,"327":0,"328":0,"329":0,"330":0,"331":0,"332":0,"333":0,"334":0,"335":0,"336":0,"337":0,"338":0,"339":0,"340":0,"341":0,"342":0,"343":0,"344":0,"345":0,"346":1,"347":0,"348":0,"349":0,"350":0,"351":1,"352":0,"353":0,"354":0,"355":1,"356":0,"357":0,"358":0,"359":1,"360":0,"361":0,"362":0,"363":0,"364":0,"365":1,"366":0,"367":0,"368":0,"369":0,"370":0,"371":0,"372":0,"373":0,"374":1,"375":0,"376":0,"377":0,"378":0,"379":0,"380":0,"381":0,"382":0,"383":1,"384":0,"385":0,"386":0,"387":1,"388":0,"389":0,"390":0,"391":1,"392":0,"393":0,"394":0,"395":0,"396":1,"397":1,"398":0,"399":1,"400":0,"401":0,"402":0,"403":0,"404":0,"405":0,"406":0,"407":0,"408":0,"409":1,"410":0,"411":0,"412":0,"413":0,"414":0,"415":0,"416":1,"417":0,"418":0,"419":0,"420":0,"421":0,"422":0,"423":0,"424":0,"425":1,"426":0,"427":1,"428":0,"429":0,"430":0,"431":0,"432":1,"433":0,"434":1,"435":0,"436":0,"437":0,"438":1,"439":0,"440":0,"441":0,"442":0,"443":0,"444":0,"445":0,"446":0,"447":0,"448":0,"449":0,"450":0,"451":1,"452":0,"453":0,"454":0,"455":0,"456":0,"457":0,"458":0,"459":0,"460":1,"461":0,"462":0,"463":0,"464":0,"465":1,"466":0,"467":0,"468":0,"469":0,"470":0,"471":0,"472":0,"473":1,"474":0,"475":0,"476":0,"477":0,"478":0,"479":0,"480":0,"481":0,"482":1,"483":0,"484":0,"485":0,"486":0,"487":0},"b":{"1":[0,0],"2":[0,0],"3":[0,0],"4":[0,0],"5":[0,0],"6":[0,0],"7":[0,0],"8":[0,0],"9":[0,0],"10":[0,0],"11":[0,0],"12":[0,0],"13":[0,0],"14":[0,0],"15":[0,0,0,0],"16":[0,0],"17":[0,0],"18":[0,0],"19":[0,0],"20":[0,0],"21":[0,0],"22":[0,0],"23":[0,0],"24":[0,0],"25":[0,0,0],"26":[0,0],"27":[0,0],"28":[0,0],"29":[0,0],"30":[0,0],"31":[0,0,0],"32":[0,0],"33":[0,0,0],"34":[0,0],"35":[0,0],"36":[0,0],"37":[0,0],"38":[0,0],"39":[0,0],"40":[0,0],"41":[0,0],"42":[0,0],"43":[0,0],"44":[0,0],"45":[0,0],"46":[0,0],"47":[0,0],"48":[0,0],"49":[0,0],"50":[0,0],"51":[0,0],"52":[0,0],"53":[0,0],"54":[0,0],"55":[0,0],"56":[0,0],"57":[0,0],"58":[0,0],"59":[0,0],"60":[0,0],"61":[0,0,0],"62":[0,0],"63":[0,0],"64":[0,0],"65":[0,0],"66":[0,0],"67":[0,0],"68":[0,0],"69":[0,0],"70":[0,0],"71":[0,0],"72":[0,0],"73":[0,0],"74":[0,0],"75":[0,0],"76":[0,0],"77":[0,0],"78":[0,0],"79":[0,0],"80":[0,0],"81":[0,0],"82":[0,0],"83":[0,0],"84":[0,0],"85":[0,0,0,0,0,0],"86":[0,0],"87":[0,0],"88":[0,0],"89":[0,0],"90":[0,0],"91":[0,0],"92":[0,0],"93":[0,0],"94":[0,0],"95":[0,0],"96":[0,0],"97":[0,0],"98":[0,0],"99":[0,0],"100":[0,0],"101":[0,0],"102":[0,0],"103":[0,0],"104":[0,0],"105":[0,0],"106":[0,0],"107":[0,0],"108":[0,0],"109":[0,0,0],"110":[0,0],"111":[0,0],"112":[0,0],"113":[0,0],"114":[0,0],"115":[0,0],"116":[0,0,0],"117":[0,0],"118":[0,0,0],"119":[0,0],"120":[0,0],"121":[0,0],"122":[0,0],"123":[0,0,0,0],"124":[0,0],"125":[0,0],"126":[0,0],"127":[0,0],"128":[0,0],"129":[0,0],"130":[0,0],"131":[0,0],"132":[0,0],"133":[0,0],"134":[0,0],"135":[0,0],"136":[0,0],"137":[0,0],"138":[0,0],"139":[0,0],"140":[0,0],"141":[0,0],"142":[0,0],"143":[0,0],"144":[0,0],"145":[0,0],"146":[0,0]},"f":{"1":0,"2":0,"3":0,"4":0,"5":0,"6":0,"7":0,"8":0,"9":0,"10":0,"11":0,"12":0,"13":0,"14":0,"15":0,"16":0,"17":0,"18":0,"19":0,"20":0,"21":0,"22":0,"23":0,"24":0,"25":0,"26":0,"27":0,"28":0,"29":0,"30":0,"31":0,"32":0,"33":0,"34":0,"35":0,"36":0,"37":0,"38":0,"39":0,"40":0,"41":0,"42":0,"43":0,"44":0,"45":0,"46":0,"47":0,"48":0,"49":0,"50":0,"51":0,"52":0,"53":0,"54":0,"55":0,"56":0,"57":0,"58":0,"59":0,"60":0,"61":0,"62":0,"63":0,"64":0,"65":0},"fnMap":{"1":{"name":"DHT","line":18,"loc":{"start":{"line":18,"column":0},"end":{"line":18,"column":20}}},"2":{"name":"onlistening","line":51,"loc":{"start":{"line":51,"column":2},"end":{"line":51,"column":26}}},"3":{"name":"onquery","line":57,"loc":{"start":{"line":57,"column":2},"end":{"line":57,"column":33}}},"4":{"name":"rotateSecrets","line":61,"loc":{"start":{"line":61,"column":2},"end":{"line":61,"column":28}}},"5":{"name":"bootstrap","line":65,"loc":{"start":{"line":65,"column":2},"end":{"line":65,"column":24}}},"6":{"name":"onwarning","line":69,"loc":{"start":{"line":69,"column":2},"end":{"line":69,"column":27}}},"7":{"name":"onerror","line":73,"loc":{"start":{"line":73,"column":2},"end":{"line":73,"column":25}}},"8":{"name":"onnode","line":77,"loc":{"start":{"line":77,"column":2},"end":{"line":77,"column":25}}},"9":{"name":"(anonymous_9)","line":82,"loc":{"start":{"line":82,"column":24},"end":{"line":82,"column":40}}},"10":{"name":"(anonymous_10)","line":91,"loc":{"start":{"line":91,"column":23},"end":{"line":91,"column":42}}},"11":{"name":"(anonymous_11)","line":96,"loc":{"start":{"line":96,"column":27},"end":{"line":96,"column":41}}},"12":{"name":"(anonymous_12)","line":100,"loc":{"start":{"line":100,"column":26},"end":{"line":100,"column":46}}},"13":{"name":"(anonymous_13)","line":101,"loc":{"start":{"line":101,"column":37},"end":{"line":101,"column":64}}},"14":{"name":"(anonymous_14)","line":114,"loc":{"start":{"line":114,"column":23},"end":{"line":114,"column":35}}},"15":{"name":"(anonymous_15)","line":117,"loc":{"start":{"line":117,"column":42},"end":{"line":117,"column":57}}},"16":{"name":"(anonymous_16)","line":133,"loc":{"start":{"line":133,"column":20},"end":{"line":133,"column":40}}},"17":{"name":"(anonymous_17)","line":167,"loc":{"start":{"line":167,"column":21},"end":{"line":167,"column":41}}},"18":{"name":"(anonymous_18)","line":198,"loc":{"start":{"line":198,"column":56},"end":{"line":198,"column":74}}},"19":{"name":"(anonymous_19)","line":206,"loc":{"start":{"line":206,"column":24},"end":{"line":206,"column":49}}},"20":{"name":"(anonymous_20)","line":215,"loc":{"start":{"line":215,"column":11},"end":{"line":215,"column":29}}},"21":{"name":"(anonymous_21)","line":223,"loc":{"start":{"line":223,"column":20},"end":{"line":223,"column":45}}},"22":{"name":"done","line":248,"loc":{"start":{"line":248,"column":2},"end":{"line":248,"column":22}}},"23":{"name":"onreply","line":253,"loc":{"start":{"line":253,"column":2},"end":{"line":253,"column":29}}},"24":{"name":"(anonymous_24)","line":277,"loc":{"start":{"line":277,"column":25},"end":{"line":277,"column":55}}},"25":{"name":"(anonymous_25)","line":309,"loc":{"start":{"line":309,"column":29},"end":{"line":309,"column":59}}},"26":{"name":"(anonymous_26)","line":312,"loc":{"start":{"line":312,"column":24},"end":{"line":312,"column":39}}},"27":{"name":"(anonymous_27)","line":319,"loc":{"start":{"line":319,"column":23},"end":{"line":319,"column":47}}},"28":{"name":"emit","line":335,"loc":{"start":{"line":335,"column":2},"end":{"line":335,"column":31}}},"29":{"name":"onreply","line":343,"loc":{"start":{"line":343,"column":2},"end":{"line":343,"column":35}}},"30":{"name":"abort","line":348,"loc":{"start":{"line":348,"column":9},"end":{"line":348,"column":27}}},"31":{"name":"(anonymous_31)","line":351,"loc":{"start":{"line":351,"column":24},"end":{"line":351,"column":36}}},"32":{"name":"(anonymous_32)","line":355,"loc":{"start":{"line":355,"column":23},"end":{"line":355,"column":43}}},"33":{"name":"(anonymous_33)","line":360,"loc":{"start":{"line":360,"column":24},"end":{"line":360,"column":38}}},"34":{"name":"(anonymous_34)","line":369,"loc":{"start":{"line":369,"column":20},"end":{"line":369,"column":32}}},"35":{"name":"(anonymous_35)","line":375,"loc":{"start":{"line":375,"column":25},"end":{"line":375,"column":48}}},"36":{"name":"(anonymous_36)","line":401,"loc":{"start":{"line":401,"column":28},"end":{"line":401,"column":51}}},"37":{"name":"(anonymous_37)","line":411,"loc":{"start":{"line":411,"column":28},"end":{"line":411,"column":51}}},"38":{"name":"(anonymous_38)","line":429,"loc":{"start":{"line":429,"column":32},"end":{"line":429,"column":55}}},"39":{"name":"(anonymous_39)","line":447,"loc":{"start":{"line":447,"column":25},"end":{"line":447,"column":57}}},"40":{"name":"(anonymous_40)","line":452,"loc":{"start":{"line":452,"column":23},"end":{"line":452,"column":46}}},"41":{"name":"(anonymous_41)","line":469,"loc":{"start":{"line":469,"column":23},"end":{"line":469,"column":46}}},"42":{"name":"(anonymous_42)","line":517,"loc":{"start":{"line":517,"column":27},"end":{"line":517,"column":47}}},"43":{"name":"ready","line":529,"loc":{"start":{"line":529,"column":2},"end":{"line":529,"column":20}}},"44":{"name":"(anonymous_44)","line":536,"loc":{"start":{"line":536,"column":25},"end":{"line":536,"column":67}}},"45":{"name":"done","line":546,"loc":{"start":{"line":546,"column":2},"end":{"line":546,"column":25}}},"46":{"name":"onreply","line":553,"loc":{"start":{"line":553,"column":2},"end":{"line":553,"column":35}}},"47":{"name":"(anonymous_47)","line":571,"loc":{"start":{"line":571,"column":23},"end":{"line":571,"column":35}}},"48":{"name":"(anonymous_48)","line":581,"loc":{"start":{"line":581,"column":31},"end":{"line":581,"column":54}}},"49":{"name":"(anonymous_49)","line":587,"loc":{"start":{"line":587,"column":31},"end":{"line":587,"column":55}}},"50":{"name":"(anonymous_50)","line":592,"loc":{"start":{"line":592,"column":31},"end":{"line":592,"column":43}}},"51":{"name":"noop","line":601,"loc":{"start":{"line":601,"column":0},"end":{"line":601,"column":17}}},"52":{"name":"sha1","line":603,"loc":{"start":{"line":603,"column":0},"end":{"line":603,"column":20}}},"53":{"name":"createGetResponse","line":607,"loc":{"start":{"line":607,"column":0},"end":{"line":607,"column":46}}},"54":{"name":"encodePeer","line":618,"loc":{"start":{"line":618,"column":0},"end":{"line":618,"column":33}}},"55":{"name":"decodePeers","line":626,"loc":{"start":{"line":626,"column":0},"end":{"line":626,"column":27}}},"56":{"name":"parseIp","line":645,"loc":{"start":{"line":645,"column":0},"end":{"line":645,"column":31}}},"57":{"name":"encodeSigData","line":649,"loc":{"start":{"line":649,"column":0},"end":{"line":649,"column":29}}},"58":{"name":"toNode","line":655,"loc":{"start":{"line":655,"column":0},"end":{"line":655,"column":23}}},"59":{"name":"PeerStore","line":662,"loc":{"start":{"line":662,"column":0},"end":{"line":662,"column":25}}},"60":{"name":"(anonymous_60)","line":668,"loc":{"start":{"line":668,"column":26},"end":{"line":668,"column":47}}},"61":{"name":"(anonymous_61)","line":688,"loc":{"start":{"line":688,"column":29},"end":{"line":688,"column":41}}},"62":{"name":"(anonymous_62)","line":698,"loc":{"start":{"line":698,"column":26},"end":{"line":698,"column":41}}},"63":{"name":"swap","line":704,"loc":{"start":{"line":704,"column":0},"end":{"line":704,"column":27}}},"64":{"name":"pick","line":713,"loc":{"start":{"line":713,"column":0},"end":{"line":713,"column":26}}},"65":{"name":"toBuffer","line":727,"loc":{"start":{"line":727,"column":0},"end":{"line":727,"column":24}}}},"statementMap":{"1":{"start":{"line":1,"column":0},"end":{"line":1,"column":20}},"2":{"start":{"line":3,"column":0},"end":{"line":3,"column":32}},"3":{"start":{"line":4,"column":0},"end":{"line":4,"column":42}},"4":{"start":{"line":5,"column":0},"end":{"line":5,"column":30}},"5":{"start":{"line":6,"column":0},"end":{"line":6,"column":46}},"6":{"start":{"line":7,"column":0},"end":{"line":7,"column":37}},"7":{"start":{"line":8,"column":0},"end":{"line":8,"column":49}},"8":{"start":{"line":9,"column":0},"end":{"line":9,"column":34}},"9":{"start":{"line":10,"column":0},"end":{"line":10,"column":33}},"10":{"start":{"line":11,"column":0},"end":{"line":11,"column":27}},"11":{"start":{"line":12,"column":0},"end":{"line":12,"column":24}},"12":{"start":{"line":14,"column":0},"end":{"line":14,"column":35}},"13":{"start":{"line":16,"column":0},"end":{"line":16,"column":27}},"14":{"start":{"line":18,"column":0},"end":{"line":80,"column":1}},"15":{"start":{"line":19,"column":2},"end":{"line":19,"column":50}},"16":{"start":{"line":19,"column":30},"end":{"line":19,"column":50}},"17":{"start":{"line":20,"column":2},"end":{"line":20,"column":22}},"18":{"start":{"line":20,"column":13},"end":{"line":20,"column":22}},"19":{"start":{"line":22,"column":2},"end":{"line":22,"column":17}},"20":{"start":{"line":24,"column":2},"end":{"line":24,"column":76}},"21":{"start":{"line":25,"column":2},"end":{"line":25,"column":44}},"22":{"start":{"line":26,"column":2},"end":{"line":26,"column":53}},"23":{"start":{"line":28,"column":2},"end":{"line":28,"column":22}},"24":{"start":{"line":29,"column":2},"end":{"line":29,"column":24}},"25":{"start":{"line":30,"column":2},"end":{"line":30,"column":32}},"26":{"start":{"line":31,"column":2},"end":{"line":31,"column":30}},"27":{"start":{"line":32,"column":2},"end":{"line":32,"column":36}},"28":{"start":{"line":33,"column":2},"end":{"line":33,"column":32}},"29":{"start":{"line":34,"column":2},"end":{"line":34,"column":40}},"30":{"start":{"line":35,"column":2},"end":{"line":35,"column":23}},"31":{"start":{"line":36,"column":2},"end":{"line":36,"column":36}},"32":{"start":{"line":37,"column":2},"end":{"line":37,"column":32}},"33":{"start":{"line":38,"column":2},"end":{"line":38,"column":62}},"34":{"start":{"line":39,"column":2},"end":{"line":39,"column":32}},"35":{"start":{"line":41,"column":2},"end":{"line":41,"column":24}},"36":{"start":{"line":42,"column":2},"end":{"line":42,"column":24}},"37":{"start":{"line":43,"column":2},"end":{"line":43,"column":28}},"38":{"start":{"line":44,"column":2},"end":{"line":44,"column":30}},"39":{"start":{"line":46,"column":2},"end":{"line":46,"column":29}},"40":{"start":{"line":48,"column":2},"end":{"line":48,"column":25}},"41":{"start":{"line":49,"column":2},"end":{"line":49,"column":40}},"42":{"start":{"line":51,"column":2},"end":{"line":55,"column":3}},"43":{"start":{"line":52,"column":4},"end":{"line":52,"column":25}},"44":{"start":{"line":53,"column":4},"end":{"line":53,"column":52}},"45":{"start":{"line":54,"column":4},"end":{"line":54,"column":26}},"46":{"start":{"line":57,"column":2},"end":{"line":59,"column":3}},"47":{"start":{"line":58,"column":4},"end":{"line":58,"column":30}},"48":{"start":{"line":61,"column":2},"end":{"line":63,"column":3}},"49":{"start":{"line":62,"column":4},"end":{"line":62,"column":25}},"50":{"start":{"line":65,"column":2},"end":{"line":67,"column":3}},"51":{"start":{"line":66,"column":4},"end":{"line":66,"column":66}},"52":{"start":{"line":66,"column":25},"end":{"line":66,"column":66}},"53":{"start":{"line":69,"column":2},"end":{"line":71,"column":3}},"54":{"start":{"line":70,"column":4},"end":{"line":70,"column":29}},"55":{"start":{"line":73,"column":2},"end":{"line":75,"column":3}},"56":{"start":{"line":74,"column":4},"end":{"line":74,"column":27}},"57":{"start":{"line":77,"column":2},"end":{"line":79,"column":3}},"58":{"start":{"line":78,"column":4},"end":{"line":78,"column":27}},"59":{"start":{"line":82,"column":0},"end":{"line":94,"column":1}},"60":{"start":{"line":83,"column":2},"end":{"line":83,"column":17}},"61":{"start":{"line":84,"column":2},"end":{"line":90,"column":3}},"62":{"start":{"line":85,"column":4},"end":{"line":85,"column":31}},"63":{"start":{"line":86,"column":4},"end":{"line":86,"column":44}},"64":{"start":{"line":87,"column":4},"end":{"line":87,"column":29}},"65":{"start":{"line":88,"column":4},"end":{"line":88,"column":37}},"66":{"start":{"line":88,"column":14},"end":{"line":88,"column":37}},"67":{"start":{"line":89,"column":4},"end":{"line":89,"column":10}},"68":{"start":{"line":91,"column":2},"end":{"line":93,"column":4}},"69":{"start":{"line":92,"column":4},"end":{"line":92,"column":32}},"70":{"start":{"line":92,"column":14},"end":{"line":92,"column":32}},"71":{"start":{"line":96,"column":0},"end":{"line":98,"column":1}},"72":{"start":{"line":97,"column":2},"end":{"line":97,"column":38}},"73":{"start":{"line":100,"column":0},"end":{"line":112,"column":1}},"74":{"start":{"line":101,"column":2},"end":{"line":111,"column":4}},"75":{"start":{"line":102,"column":4},"end":{"line":102,"column":27}},"76":{"start":{"line":102,"column":13},"end":{"line":102,"column":27}},"77":{"start":{"line":103,"column":4},"end":{"line":105,"column":5}},"78":{"start":{"line":104,"column":6},"end":{"line":104,"column":39}},"79":{"start":{"line":106,"column":4},"end":{"line":110,"column":6}},"80":{"start":{"line":114,"column":0},"end":{"line":131,"column":1}},"81":{"start":{"line":115,"column":2},"end":{"line":115,"column":17}},"82":{"start":{"line":116,"column":2},"end":{"line":116,"column":17}},"83":{"start":{"line":117,"column":2},"end":{"line":126,"column":4}},"84":{"start":{"line":118,"column":4},"end":{"line":118,"column":45}},"85":{"start":{"line":119,"column":4},"end":{"line":122,"column":5}},"86":{"start":{"line":123,"column":4},"end":{"line":123,"column":54}},"87":{"start":{"line":123,"column":27},"end":{"line":123,"column":54}},"88":{"start":{"line":124,"column":4},"end":{"line":124,"column":70}},"89":{"start":{"line":124,"column":27},"end":{"line":124,"column":70}},"90":{"start":{"line":125,"column":4},"end":{"line":125,"column":64}},"91":{"start":{"line":125,"column":25},"end":{"line":125,"column":64}},"92":{"start":{"line":127,"column":2},"end":{"line":130,"column":3}},"93":{"start":{"line":133,"column":0},"end":{"line":165,"column":1}},"94":{"start":{"line":134,"column":2},"end":{"line":134,"column":73}},"95":{"start":{"line":134,"column":57},"end":{"line":134,"column":73}},"96":{"start":{"line":135,"column":2},"end":{"line":135,"column":26}},"97":{"start":{"line":136,"column":2},"end":{"line":138,"column":3}},"98":{"start":{"line":137,"column":4},"end":{"line":137,"column":39}},"99":{"start":{"line":139,"column":2},"end":{"line":141,"column":3}},"100":{"start":{"line":140,"column":4},"end":{"line":140,"column":62}},"101":{"start":{"line":142,"column":2},"end":{"line":144,"column":3}},"102":{"start":{"line":143,"column":4},"end":{"line":143,"column":62}},"103":{"start":{"line":145,"column":2},"end":{"line":147,"column":3}},"104":{"start":{"line":146,"column":4},"end":{"line":146,"column":73}},"105":{"start":{"line":148,"column":2},"end":{"line":150,"column":3}},"106":{"start":{"line":149,"column":4},"end":{"line":149,"column":65}},"107":{"start":{"line":151,"column":2},"end":{"line":153,"column":3}},"108":{"start":{"line":152,"column":4},"end":{"line":152,"column":94}},"109":{"start":{"line":154,"column":2},"end":{"line":156,"column":3}},"110":{"start":{"line":155,"column":4},"end":{"line":155,"column":51}},"111":{"start":{"line":157,"column":2},"end":{"line":159,"column":3}},"112":{"start":{"line":158,"column":4},"end":{"line":158,"column":65}},"113":{"start":{"line":160,"column":2},"end":{"line":162,"column":3}},"114":{"start":{"line":161,"column":4},"end":{"line":161,"column":46}},"115":{"start":{"line":164,"column":2},"end":{"line":164,"column":28}},"116":{"start":{"line":167,"column":0},"end":{"line":204,"column":1}},"117":{"start":{"line":168,"column":2},"end":{"line":168,"column":20}},"118":{"start":{"line":168,"column":11},"end":{"line":168,"column":20}},"119":{"start":{"line":170,"column":2},"end":{"line":170,"column":26}},"120":{"start":{"line":171,"column":2},"end":{"line":171,"column":67}},"121":{"start":{"line":172,"column":2},"end":{"line":174,"column":35}},"122":{"start":{"line":176,"column":2},"end":{"line":176,"column":51}},"123":{"start":{"line":177,"column":2},"end":{"line":177,"column":48}},"124":{"start":{"line":177,"column":14},"end":{"line":177,"column":48}},"125":{"start":{"line":179,"column":2},"end":{"line":186,"column":3}},"126":{"start":{"line":188,"column":2},"end":{"line":195,"column":3}},"127":{"start":{"line":189,"column":4},"end":{"line":189,"column":62}},"128":{"start":{"line":189,"column":38},"end":{"line":189,"column":62}},"129":{"start":{"line":190,"column":4},"end":{"line":190,"column":45}},"130":{"start":{"line":190,"column":19},"end":{"line":190,"column":45}},"131":{"start":{"line":191,"column":4},"end":{"line":191,"column":24}},"132":{"start":{"line":192,"column":4},"end":{"line":192,"column":28}},"133":{"start":{"line":193,"column":4},"end":{"line":194,"column":64}},"134":{"start":{"line":193,"column":41},"end":{"line":193,"column":92}},"135":{"start":{"line":194,"column":9},"end":{"line":194,"column":64}},"136":{"start":{"line":194,"column":40},"end":{"line":194,"column":64}},"137":{"start":{"line":197,"column":2},"end":{"line":197,"column":50}},"138":{"start":{"line":198,"column":2},"end":{"line":201,"column":4}},"139":{"start":{"line":199,"column":4},"end":{"line":199,"column":35}},"140":{"start":{"line":199,"column":13},"end":{"line":199,"column":35}},"141":{"start":{"line":200,"column":4},"end":{"line":200,"column":20}},"142":{"start":{"line":203,"column":2},"end":{"line":203,"column":12}},"143":{"start":{"line":206,"column":0},"end":{"line":221,"column":1}},"144":{"start":{"line":207,"column":2},"end":{"line":207,"column":17}},"145":{"start":{"line":209,"column":2},"end":{"line":218,"column":4}},"146":{"start":{"line":216,"column":4},"end":{"line":216,"column":27}},"147":{"start":{"line":216,"column":13},"end":{"line":216,"column":27}},"148":{"start":{"line":217,"column":4},"end":{"line":217,"column":22}},"149":{"start":{"line":220,"column":2},"end":{"line":220,"column":12}},"150":{"start":{"line":223,"column":0},"end":{"line":275,"column":1}},"151":{"start":{"line":224,"column":2},"end":{"line":224,"column":21}},"152":{"start":{"line":225,"column":2},"end":{"line":228,"column":3}},"153":{"start":{"line":226,"column":4},"end":{"line":226,"column":13}},"154":{"start":{"line":227,"column":4},"end":{"line":227,"column":15}},"155":{"start":{"line":230,"column":2},"end":{"line":230,"column":22}},"156":{"start":{"line":230,"column":13},"end":{"line":230,"column":22}},"157":{"start":{"line":231,"column":2},"end":{"line":231,"column":42}},"158":{"start":{"line":232,"column":2},"end":{"line":232,"column":23}},"159":{"start":{"line":233,"column":2},"end":{"line":233,"column":59}},"160":{"start":{"line":235,"column":2},"end":{"line":238,"column":3}},"161":{"start":{"line":236,"column":4},"end":{"line":236,"column":56}},"162":{"start":{"line":237,"column":4},"end":{"line":237,"column":33}},"163":{"start":{"line":240,"column":2},"end":{"line":246,"column":19}},"164":{"start":{"line":248,"column":2},"end":{"line":251,"column":3}},"165":{"start":{"line":249,"column":4},"end":{"line":249,"column":27}},"166":{"start":{"line":249,"column":13},"end":{"line":249,"column":27}},"167":{"start":{"line":250,"column":4},"end":{"line":250,"column":19}},"168":{"start":{"line":253,"column":2},"end":{"line":274,"column":3}},"169":{"start":{"line":254,"column":4},"end":{"line":254,"column":21}},"170":{"start":{"line":255,"column":4},"end":{"line":255,"column":31}},"171":{"start":{"line":255,"column":20},"end":{"line":255,"column":31}},"172":{"start":{"line":257,"column":4},"end":{"line":257,"column":32}},"173":{"start":{"line":259,"column":4},"end":{"line":271,"column":5}},"174":{"start":{"line":260,"column":6},"end":{"line":260,"column":48}},"175":{"start":{"line":260,"column":37},"end":{"line":260,"column":48}},"176":{"start":{"line":261,"column":6},"end":{"line":261,"column":60}},"177":{"start":{"line":261,"column":49},"end":{"line":261,"column":60}},"178":{"start":{"line":262,"column":6},"end":{"line":265,"column":7}},"179":{"start":{"line":263,"column":8},"end":{"line":263,"column":17}},"180":{"start":{"line":264,"column":8},"end":{"line":264,"column":20}},"181":{"start":{"line":267,"column":6},"end":{"line":270,"column":7}},"182":{"start":{"line":268,"column":8},"end":{"line":268,"column":17}},"183":{"start":{"line":269,"column":8},"end":{"line":269,"column":20}},"184":{"start":{"line":273,"column":4},"end":{"line":273,"column":15}},"185":{"start":{"line":277,"column":0},"end":{"line":307,"column":1}},"186":{"start":{"line":278,"column":2},"end":{"line":278,"column":73}},"187":{"start":{"line":278,"column":34},"end":{"line":278,"column":73}},"188":{"start":{"line":279,"column":2},"end":{"line":279,"column":31}},"189":{"start":{"line":280,"column":2},"end":{"line":280,"column":20}},"190":{"start":{"line":280,"column":11},"end":{"line":280,"column":20}},"191":{"start":{"line":282,"column":2},"end":{"line":282,"column":56}},"192":{"start":{"line":283,"column":2},"end":{"line":283,"column":58}},"193":{"start":{"line":283,"column":14},"end":{"line":283,"column":58}},"194":{"start":{"line":285,"column":2},"end":{"line":292,"column":3}},"195":{"start":{"line":286,"column":4},"end":{"line":286,"column":58}},"196":{"start":{"line":287,"column":4},"end":{"line":291,"column":5}},"197":{"start":{"line":294,"column":2},"end":{"line":303,"column":3}},"198":{"start":{"line":305,"column":2},"end":{"line":305,"column":47}},"199":{"start":{"line":306,"column":2},"end":{"line":306,"column":64}},"200":{"start":{"line":309,"column":0},"end":{"line":317,"column":1}},"201":{"start":{"line":310,"column":2},"end":{"line":310,"column":17}},"202":{"start":{"line":312,"column":2},"end":{"line":316,"column":4}},"203":{"start":{"line":313,"column":4},"end":{"line":313,"column":64}},"204":{"start":{"line":313,"column":24},"end":{"line":313,"column":64}},"205":{"start":{"line":314,"column":4},"end":{"line":314,"column":27}},"206":{"start":{"line":314,"column":13},"end":{"line":314,"column":27}},"207":{"start":{"line":315,"column":4},"end":{"line":315,"column":37}},"208":{"start":{"line":319,"column":0},"end":{"line":349,"column":1}},"209":{"start":{"line":320,"column":2},"end":{"line":320,"column":31}},"210":{"start":{"line":321,"column":2},"end":{"line":321,"column":20}},"211":{"start":{"line":321,"column":11},"end":{"line":321,"column":20}},"212":{"start":{"line":322,"column":2},"end":{"line":322,"column":17}},"213":{"start":{"line":323,"column":2},"end":{"line":323,"column":21}},"214":{"start":{"line":325,"column":2},"end":{"line":325,"column":36}},"215":{"start":{"line":326,"column":2},"end":{"line":326,"column":24}},"216":{"start":{"line":327,"column":2},"end":{"line":333,"column":17}},"217":{"start":{"line":335,"column":2},"end":{"line":341,"column":3}},"218":{"start":{"line":336,"column":4},"end":{"line":336,"column":67}},"219":{"start":{"line":336,"column":17},"end":{"line":336,"column":67}},"220":{"start":{"line":337,"column":4},"end":{"line":337,"column":35}},"221":{"start":{"line":338,"column":4},"end":{"line":340,"column":5}},"222":{"start":{"line":339,"column":6},"end":{"line":339,"column":57}},"223":{"start":{"line":343,"column":2},"end":{"line":346,"column":3}},"224":{"start":{"line":344,"column":4},"end":{"line":344,"column":29}},"225":{"start":{"line":344,"column":17},"end":{"line":344,"column":29}},"226":{"start":{"line":345,"column":4},
[...]
  }","  if (isMutable && !opts.k) {","    throw new Error('opts.k ed25519 public key required for mutable put')","  }","  if (isMutable && opts.k.length !== 32) {","    throw new Error('opts.k ed25519 public key must be 32 bytes')","  }","  if (isMutable && typeof opts.sign !== 'function' && !Buffer.isBuffer(opts.sig)) {","    throw new Error('opts.sign function or options.sig signature is required for mutable put')","  }","  if (isMutable && opts.salt && opts.salt.length > 64) {","    throw new Error('opts.salt is > 64 bytes long')","  }","  if (isMutable && opts.seq === undefined) {","    throw new Error('opts.seq not provided for a mutable update')","  }","  if (isMutable && typeof opts.seq !== 'number') {","    throw new Error('opts.seq not an integer')","  }","","  return this._put(opts, cb)","}","","DHT.prototype._put = function (opts, cb) {","  if (!cb) cb = noop","","  var isMutable = !!opts.k","  var v = typeof opts.v === 'string' ? Buffer.from(opts.v) : opts.v","  var key = isMutable","    ? this._hash(opts.salt ? Buffer.concat([opts.k, opts.salt]) : opts.k)","    : this._hash(bencode.encode(v))","","  var table = this._tables.get(key.toString('hex'))","  if (!table) return this._preput(key, opts, cb)","","  var message = {","    q: 'put',","    a: {","      id: this._rpc.id,","      token: null, // queryAll sets this","      v: v","    }","  }","","  if (isMutable) {","    if (typeof opts.cas === 'number') message.a.cas = opts.cas","    if (opts.salt) message.a.salt = opts.salt","    message.a.k = opts.k","    message.a.seq = opts.seq","    if (typeof opts.sign === 'function') message.a.sig = opts.sign(encodeSigData(message.a))","    else if (Buffer.isBuffer(opts.sig)) message.a.sig = opts.sig","  }","","  this._values.set(key.toString('hex'), message.a)","  this._rpc.queryAll(table.closest(key), message, null, function (err, n) {","    if (err) return cb(err, key, n)","    cb(null, key, n)","  })","","  return key","}","","DHT.prototype._preput = function (key, opts, cb) {","  var self = this","","  this._closest(key, {","    q: 'get',","    a: {","      id: this._rpc.id,","      target: key","    }","  }, null, function (err, n) {","    if (err) return cb(err)","    self.put(opts, cb)","  })","","  return key","}","","DHT.prototype.get = function (key, opts, cb) {","  key = toBuffer(key)","  if (typeof opts === 'function') {","    cb = opts","    opts = null","  }","","  if (!opts) opts = {}","  var verify = opts.verify || this._verify","  var hash = this._hash","  var value = this._values.get(key.toString('hex')) || null","","  if (value) {","    value = createGetResponse(this._rpc.id, null, value)","    return process.nextTick(done)","  }","","  this._closest(key, {","    q: 'get',","    a: {","      id: this._rpc.id,","      target: key","    }","  }, onreply, done)","","  function done (err) {","    if (err) return cb(err)","    cb(null, value)","  }","","  function onreply (message) {","    var r = message.r","    if (!r || !r.v) return true","","    var isMutable = r.k || r.sig","","    if (isMutable) {","      if (!verify || !r.sig || !r.k) return true","      if (!verify(r.sig, encodeSigData(r), r.k)) return true","      if (equals(hash(r.salt ? Buffer.concat([r.k, r.salt]) : r.k), key)) {","        value = r","        return false","      }","    } else {","      if (equals(hash(bencode.encode(r.v)), key)) {","        value = r","        return false","      }","    }","","    return true","  }","}","","DHT.prototype.announce = function (infoHash, port, cb) {","  if (typeof port === 'function') return this.announce(infoHash, 0, port)","  infoHash = toBuffer(infoHash)","  if (!cb) cb = noop","","  var table = this._tables.get(infoHash.toString('hex'))","  if (!table) return this._preannounce(infoHash, port, cb)","","  if (this._host) {","    var dhtPort = this.listening ? this.address().port : 0","    this._addPeer(","      {host: this._host, port: port || dhtPort},","      infoHash,","      {host: this._host, port: dhtPort}","    )","  }","","  var message = {","    q: 'announce_peer',","    a: {","      id: this._rpc.id,","      token: null, // queryAll sets this","      info_hash: infoHash,","      port: port,","      implied_port: port ? 0 : 1","    }","  }","","  this._debug('announce %s %d', infoHash, port)","  this._rpc.queryAll(table.closest(infoHash), message, null, cb)","}","","DHT.prototype._preannounce = function (infoHash, port, cb) {","  var self = this","","  this.lookup(infoHash, function (err) {","    if (self.destroyed) return cb(new Error('dht is destroyed'))","    if (err) return cb(err)","    self.announce(infoHash, port, cb)","  })","}","","DHT.prototype.lookup = function (infoHash, cb) {","  infoHash = toBuffer(infoHash)","  if (!cb) cb = noop","  var self = this","  var aborted = false","","  this._debug('lookup %s', infoHash)","  process.nextTick(emit)","  this._closest(infoHash, {","    q: 'get_peers',","    a: {","      id: this._rpc.id,","      info_hash: infoHash","    }","  }, onreply, cb)","","  function emit (values, from) {","    if (!values) values = self._peers.get(infoHash.toString('hex'))","    var peers = decodePeers(values)","    for (var i = 0; i < peers.length; i++) {","      self.emit('peer', peers[i], infoHash, from || null)","    }","  }","","  function onreply (message, node) {","    if (aborted) return false","    if (message.r.values) emit(message.r.values, node)","  }","","  return function abort () { aborted = true }","}","","DHT.prototype.address = function () {","  return this._rpc.address()","}","","DHT.prototype.listen = function (port, cb) {","  if (typeof port === 'function') return this.listen(0, port)","  this._rpc.bind(port, cb)","}","","DHT.prototype.destroy = function (cb) {","  if (this.destroyed) {","    if (cb) process.nextTick(cb)","    return","  }","  this.destroyed = true","  var self = this","  clearInterval(this._interval)","  this._debug('destroying')","  this._rpc.destroy(function () {","    self.emit('close')","    if (cb) cb()","  })","}","","DHT.prototype._onquery = function (query, peer) {","  var q = query.q.toString()","  this._debug('received %s query from %s:%d', q, peer.address, peer.port)","  if (!query.a) return","","  switch (q) {","    case 'ping':","      return this._rpc.response(peer, query, {id: this._rpc.id})","","    case 'find_node':","      return this._onfindnode(query, peer)","","    case 'get_peers':","      return this._ongetpeers(query, peer)","","    case 'announce_peer':","      return this._onannouncepeer(query, peer)","","    case 'get':","      return this._onget(query, peer)","","    case 'put':","      return this._onput(query, peer)","  }","}","","DHT.prototype._onfindnode = function (query, peer) {","  var target = query.a.target","  if (!target) return this._rpc.error(peer, query, [203, '`find_node` missing required `a.target` field'])","","  this.emit('find_node', target)","","  var nodes = this._rpc.nodes.closest(target)","  this._rpc.response(peer, query, {id: this._rpc.id}, nodes)","}","","DHT.prototype._ongetpeers = function (query, peer) {","  var host = peer.address || peer.host","  var infoHash = query.a.info_hash","  if (!infoHash) return this._rpc.error(peer, query, [203, '`get_peers` missing required `a.info_hash` field'])","","  this.emit('get_peers', infoHash)","","  var r = {id: this._rpc.id, token: this._generateToken(host)}","  var peers = this._peers.get(infoHash.toString('hex'))","","  if (peers.length) {","    r.values = peers","    this._rpc.response(peer, query, r)","  } else {","    this._rpc.response(peer, query, r, this._rpc.nodes.closest(infoHash))","  }","}","","DHT.prototype._onannouncepeer = function (query, peer) {","  var host = peer.address || peer.host","  var port = query.a.implied_port ? peer.port : query.a.port","  if (!port || typeof port !== 'number') return","  var infoHash = query.a.info_hash","  var token = query.a.token","  if (!infoHash || !token) return","","  if (!this._validateToken(host, token)) {","    return this._rpc.error(peer, query, [203, 'cannot `announce_peer` with bad token'])","  }","","  this.emit('announce_peer', infoHash, {host: host, port: peer.port})","","  this._addPeer({host: host, port: port}, infoHash, {host: host, port: peer.port})","  this._rpc.response(peer, query, {id: this._rpc.id})","}","","DHT.prototype._addPeer = function (peer, infoHash, from) {","  this._peers.add(infoHash.toString('hex'), encodePeer(peer.host, peer.port))","  this.emit('announce', peer, infoHash, from)","}","","DHT.prototype._onget = function (query, peer) {","  var host = peer.address || peer.host","  var target = query.a.target","  if (!target) return","  var token = this._generateToken(host)","  var value = this._values.get(target.toString('hex'))","","  this.emit('get', target, value)","","  if (!value) {","    var nodes = this._rpc.nodes.closest(target)","    this._rpc.response(peer, query, {id: this._rpc.id, token: token}, nodes)","  } else {","    this._rpc.response(peer, query, createGetResponse(this._rpc.id, token, value))","  }","}","","DHT.prototype._onput = function (query, peer) {","  var host = peer.address || peer.host","","  var a = query.a","  if (!a) return","  var v = query.a.v","  if (!v) return","  var id = query.a.id","  if (!id) return","","  var token = a.token","  if (!token) return","","  if (!this._validateToken(host, token)) {","    return this._rpc.error(peer, query, [203, 'cannot `put` with bad token'])","  }","  if (v.length > 1000) {","    return this._rpc.error(peer, query, [205, 'data payload too large'])","  }","","  var isMutable = !!(a.k || a.sig)","  if (isMutable && !a.k && !a.sig) return","","  var key = isMutable","    ? this._hash(a.salt ? Buffer.concat([a.k, a.salt]) : a.k)","    : this._hash(bencode.encode(v))","  var keyHex = key.toString('hex')","","  this.emit('put', key, v)","","  if (isMutable) {","    if (!this._verify) return this._rpc.error(peer, query, [400, 'verification not supported'])","    if (!this._verify(a.sig, encodeSigData(a), a.k)) return","    var prev = this._values.get(keyHex)","    if (prev && typeof a.cas === 'number' && prev.seq !== a.cas) {","      return this._rpc.error(peer, query, [301, 'CAS mismatch, re-read and try again'])","    }","    if (prev && typeof prev.seq === 'number' && !(a.seq > prev.seq)) {","      return this._rpc.error(peer, query, [302, 'sequence number less than current'])","    }","    this._values.set(keyHex, {v: v, k: a.k, salt: a.salt, sig: a.sig, seq: a.seq, id: id})","  } else {","    this._values.set(keyHex, {v: v, id: id})","  }","","  this._rpc.response(peer, query, {id: this._rpc.id})","}","","DHT.prototype._bootstrap = function (populate) {","  var self = this","  if (!populate) return process.nextTick(ready)","","  this._rpc.populate(self._rpc.id, {","    q: 'find_node',","    a: {","      id: self._rpc.id,","      target: self._rpc.id","    }","  }, ready)","","  function ready () {","    self._debug('emit ready')","    self.ready = true","    self.emit('ready')","  }","}","","DHT.prototype._closest = function (target, message, onmessage, cb) {","  var self = this","","  var table = new KBucket({","    localNodeId: target,","    numberOfNodesPerKBucket: this._rpc.k","  })","","  this._rpc.closest(target, message, onreply, done)","","  function done (err, n) {","    if (err) return cb(err)","    self._tables.set(target.toString('hex'), table)","    self._debug('visited %d nodes', n)","    cb(null, n)","  }","","  function onreply (message, node) {","    if (!message.r) return true","","    if (message.r.token && message.r.id && Buffer.isBuffer(message.r.id) && message.r.id.length === 20) {","      self._debug('found node %s (target: %s)', message.r.id, target)","      table.add({","        id: message.r.id,","        host: node.host || node.address,","        port: node.port,","        token: message.r.token","      })","    }","","    if (!onmessage) return true","    return onmessage(message, node)","  }","}","","DHT.prototype._debug = function () {","  if (!debug.enabled) return","  var args = [].slice.call(arguments)","  args[0] = '[' + this.nodeId.toString('hex').substring(0, 7) + '] ' + args[0]","  for (var i = 1; i < args.length; i++) {","    if (Buffer.isBuffer(args[i])) args[i] = args[i].toString('hex')","  }","  debug.apply(null, args)","}","","DHT.prototype._validateToken = function (host, token) {","  var tokenA = this._generateToken(host, this._secrets[0])","  var tokenB = this._generateToken(host, this._secrets[1])","  return equals(token, tokenA) || equals(token, tokenB)","}","","DHT.prototype._generateToken = function (host, secret) {","  if (!secret) secret = this._secrets[0]","  return crypto.createHash('sha1').update(Buffer.from(host)).update(secret).digest()","}","","DHT.prototype._rotateSecrets = function () {","  if (!this._secrets) {","    this._secrets = [crypto.randomBytes(20), crypto.randomBytes(20)]","  } else {","    this._secrets[1] = this._secrets[0]","    this._secrets[0] = crypto.randomBytes(20)","  }","}","","function noop () {}","","function sha1 (buf) {","  return crypto.createHash('sha1').update(buf).digest()","}","","function createGetResponse (id, token, value) {","  var r = {id: id, token: token, v: value.v}","  if (value.sig) {","    r.sig = value.sig","    r.k = value.k","    if (value.salt) r.salt = value.salt","    if (typeof value.seq === 'number') r.seq = value.seq","  }","  return r","}","","function encodePeer (host, port) {","  var buf = Buffer.allocUnsafe(6)","  var ip = host.split('.')","  for (var i = 0; i < 4; i++) buf[i] = parseInt(ip[i] || 0, 10)","  buf.writeUInt16BE(port, 4)","  return buf","}","","function decodePeers (buf) {","  var peers = []","","  try {","    for (var i = 0; i < buf.length; i++) {","      var port = buf[i].readUInt16BE(4)","      if (!port) continue","      peers.push({","        host: parseIp(buf[i], 0),","        port: port","      })","    }","  } catch (err) {","    // do nothing","  }","","  return peers","}","","function parseIp (buf, offset) {","  return buf[offset++] + '.' + buf[offset++] + '.' + buf[offset++] + '.' + buf[offset++]","}","","function encodeSigData (msg) {","  var ref = { seq: msg.seq || 0, v: msg.v }","  if (msg.salt) ref.salt = msg.salt","  return bencode.encode(ref).slice(1, -1)","}","","function toNode (node) {","  return {","    host: node.host,","    port: node.port","  }","}","","function PeerStore (max) {","  this.max = max || 10000","  this.used = 0","  this.peers = LRU(Infinity)","}","","PeerStore.prototype.add = function (key, peer) {","  var peers = this.peers.get(key)","","  if (!peers) {","    peers = {","      values: [],","      map: LRU(Infinity)","    }","    this.peers.set(key, peers)","  }","","  var id = peer.toString('hex')","  if (peers.map.get(id)) return","","  var node = {index: peers.values.length, peer: peer}","  peers.map.set(id, node)","  peers.values.push(node)","  if (++this.used > this.max) this._evict()","}","","PeerStore.prototype._evict = function () {","  var a = this.peers.peek(this.peers.tail)","  var b = a.map.remove(a.map.tail)","  var values = a.values","  swap(values, b.index, values.length - 1)","  values.pop()","  this.used--","  if (!values.length) this.peers.remove(this.peers.tail)","}","","PeerStore.prototype.get = function (key) {","  var node = this.peers.get(key)","  if (!node) return []","  return pick(node.values, 100)","}","","function swap (list, a, b) {","  if (a === b) return","  var tmp = list[a]","  list[a] = list[b]","  list[b] = tmp","  list[a].index = a","  list[b].index = b","}","","function pick (values, n) {","  var len = Math.min(values.length, n)","  var ptr = 0","  var res = new Array(len)","","  for (var i = 0; i < len; i++) {","    var next = ptr + (Math.random() * (values.length - ptr)) | 0","    res[ptr] = values[next].peer","    swap(values, ptr++, next)","  }","","  return res","}","","function toBuffer (str) {","  if (Buffer.isBuffer(str)) return str","  if (typeof str === 'string') return Buffer.from(str, 'hex')","  throw new Error('Pass a buffer or a string')","}",""],"l":{"1":1,"3":1,"4":1,"5":1,"6":1,"7":1,"8":1,"9":1,"10":1,"11":1,"12":1,"14":1,"16":1,"18":1,"19":0,"20":0,"22":0,"24":0,"25":0,"26":0,"28":0,"29":0,"30":0,"31":0,"32":0,"33":0,"34":0,"35":0,"36":0,"37":0,"38":0,"39":0,"41":0,"42":0,"43":0,"44":0,"46":0,"48":0,"49":0,"51":1,"52":0,"53":0,"54":0,"57":1,"58":0,"61":1,"62":0,"65":1,"66":0,"69":1,"70":0,"73":1,"74":0,"77":1,"78":0,"82":1,"83":0,"84":0,"85":0,"86":0,"87":0,"88":0,"89":0,"91":0,"92":0,"96":1,"97":0,"100":1,"101":0,"102":0,"103":0,"104":0,"106":0,"114":1,"115":0,"116":0,"117":0,"118":0,"119":0,"123":0,"124":0,"125":0,"127":0,"133":1,"134":0,"135":0,"136":0,"137":0,"139":0,"140":0,"142":0,"143":0,"145":0,"146":0,"148":0,"149":0,"151":0,"152":0,"154":0,"155":0,"157":0,"158":0,"160":0,"161":0,"164":0,"167":1,"168":0,"170":0,"171":0,"172":0,"176":0,"177":0,"179":0,"188":0,"189":0,"190":0,"191":0,"192":0,"193":0,"194":0,"197":0,"198":0,"199":0,"200":0,"203":0,"206":1,"207":0,"209":0,"216":0,"217":0,"220":0,"223":1,"224":0,"225":0,"226":0,"227":0,"230":0,"231":0,"232":0,"233":0,"235":0,"236":0,"237":0,"240":0,"248":1,"249":0,"250":0,"253":1,"254":0,"255":0,"257":0,"259":0,"260":0,"261":0,"262":0,"263":0,"264":0,"267":0,"268":0,"269":0,"273":0,"277":1,"278":0,"279":0,"280":0,"282":0,"283":0,"285":0,"286":0,"287":0,"294":0,"305":0,"306":0,"309":1,"310":0,"312":0,"313":0,"314":0,"315":0,"319":1,"320":0,"321":0,"322":0,"323":0,"325":0,"326":0,"327":0,"335":1,"336":0,"337":0,"338":0,"339":0,"343":1,"344":0,"345":0,"348":0,"351":1,"352":0,"355":1,"356":0,"357":0,"360":1,"361":0,"362":0,"363":0,"365":0,"366":0,"367":0,"368":0,"369":0,"370":0,"371":0,"375":1,"376":0,"377":0,"378":0,"380":0,"382":0,"385":0,"388":0,"391":0,"394":0,"397":0,"401":1,"402":0,"403":0,"405":0,"407":0,"408":0,"411":1,"412":0,"413":0,"414":0,"416":0,"418":0,"419":0,"421":0,"422":0,"423":0,"425":0,"429":1,"430":0,"431":0,"432":0,"433":0,"434":0,"435":0,"437":0,"438":0,"441":0,"443":0,"444":0,"447":1,"448":0,"449":0,"452":1,"453":0,"454":0,"455":0,"456":0,"457":0,"459":0,"461":0,"462":0,"463":0,"465":0,"469":1,"470":0,"472":0,"473":0,"474":0,"475":0,"476":0,"477":0,"479":0,"480":0,"482":0,"483":0,"485":0,"486":0,"489":0,"490":0,"492":0,"495":0,"497":0,"499":0,"500":0,"501":0,"502":0,"503":0,"504":0,"506":0,"507":0,"509":0,"511":0,"514":0,"517":1,"518":0,"519":0,"521":0,"529":1,"530":0,"531":0,"532":0,"536":1,"537":0,"539":0,"544":0,"546":1,"547":0,"548":0,"549":0,"550":0,"553":1,"554":0,"556":0,"557":0,"558":0,"566":0,"567":0,"571":1,"572":0,"573":0,"574":0,"575":0,"576":0,"578":0,"581":1,"582":0,"583":0,"584":0,"587":1,"588":0,"589":0,"592":1,"593":0,"594":0,"596":0,"597":0,"601":1,"603":1,"604":0,"607":1,"608":0,"609":0,"610":0,"611":0,"612":0,"613":0,"615":0,"618":1,"619":0,"620":0,"621":0,"622":0,"623":0,"626":1,"627":0,"629":0,"630":0,"631":0,"632":0,"633":0,"642":0,"645":1,"646":0,"649":1,"650":0,"651":0,"652":0,"655":1,"656":0,"662":1,"663":0,"664":0,"665":0,"668":1,"669":0,"671":0,"672":0,"676":0,"679":0,"680":0,"682":0,"683":0,"684":0,"685":0,"688":1,"689":0,"690":0,"691":0,"692":0,"693":0,"694":0,"695":0,"698":1,"699":0,"700":0,"701":0,"704":1,"705":0,"706":0,"707":0,"708":0,"709":0,"710":0,"713":1,"714":0,"715":0,"716":0,"718":0,"719":0,"720":0,"721":0,"724":0,"727":1,"728":0,"729":0,"730":0}},"/home/travis/build/npmtest/node-npmtest-bittorrent-dht/node_modules/bittorrent-dht/server.js":{"path":"/home/travis/build/npmtest/node-npmtest-bittorrent-dht/node_modules/bittorrent-dht/server.js","s":{"1":1},"b":{},"f":{},"fnMap":{},"statementMap":{"1":{"start":{"line":7,"column":0},"end":{"line":7,"column":36}}},"branchMap":{},"code":["/**"," * TODO: DHT Bootstrap Server"," *"," * For now, just export the client, which will work just fine. But, later, it'll"," * be important to give out nodes evenly from across the DHT."," */","module.exports = require('./client')",""],"l":{"7":1}}}